#
# A fatal error has been detected by the Java Runtime Environment:
#
#  EXCEPTION_ACCESS_VIOLATION (0xc0000005) at pc=0x00007ffb1f6d299b, pid=23532, tid=18388
#
# JRE version: OpenJDK Runtime Environment (24.0.1+9) (build 24.0.1+9-30)
# Java VM: OpenJDK 64-Bit Server VM (24.0.1+9-30, mixed mode, emulated-client, sharing, tiered, compressed oops, compressed class ptrs, g1 gc, windows-amd64)
# Problematic frame:
# C  [libasyncProfiler.dll+0x9299b]
#
# No core dump will be written. Minidumps are not enabled by default on client versions of Windows
#
# JFR recording file will be written. Location: A:\Programming\Minecraft\GTNH_Recipe_Planner\hs_err_pid23532.jfr
#
# If you would like to submit a bug report, please visit:
#   https://bugreport.java.com/bugreport/crash.jsp
# The crash happened outside the Java Virtual Machine in native code.
# See problematic frame for where to report the bug.
#

---------------  S U M M A R Y ------------

Command Line: -XX:TieredStopAtLevel=1 -Dspring.output.ansi.enabled=always -Dcom.sun.management.jmxremote -Dspring.jmx.enabled=true -Dspring.liveBeansView.mbeanDomain -Dspring.application.admin.enabled=true -Dmanagement.endpoints.jmx.exposure.include=* -javaagent:C:\Program Files\JetBrains\IntelliJ IDEA 2024.2\lib\idea_rt.jar=52147:C:\Program Files\JetBrains\IntelliJ IDEA 2024.2\bin -Dfile.encoding=UTF-8 -Dsun.stdout.encoding=UTF-8 -Dsun.stderr.encoding=UTF-8 com.zerohero.gtnh_recipe_planner.app.JsonImporterApp

Host: AMD Ryzen 5 3600 6-Core Processor              , 12 cores, 31G,  Windows 10 , 64 bit Build 19041 (10.0.19041.5915)
Time: Mon Oct  6 05:06:58 2025 Mitteleuropäische Sommerzeit elapsed time: 19.742647 seconds (0d 0h 0m 19s)

---------------  T H R E A D  ---------------

Current thread (0x000001b82818a0f0):  JavaThread "Attach Listener" daemon [_thread_in_native, id=18388, stack(0x00000095fdf00000,0x00000095fe000000) (1024K)]

Stack: [0x00000095fdf00000,0x00000095fe000000],  sp=0x00000095fdfff000,  free space=1020k
Native frames: (J=compiled Java code, j=interpreted, Vv=VM code, C=native code)
C  [libasyncProfiler.dll+0x9299b]  (no source info available)
C  [libasyncProfiler.dll+0x92e7b]  (no source info available)
C  [libasyncProfiler.dll+0x91ad4]  (no source info available)
C  [libasyncProfiler.dll+0x92359]  (no source info available)
C  [libasyncProfiler.dll+0x8cf41]  (no source info available)
C  [libasyncProfiler.dll+0x7e820]  (no source info available)
C  [libasyncProfiler.dll+0x7d4f8]  (no source info available)
C  [libasyncProfiler.dll+0x7d3e8]  (no source info available)
C  [libasyncProfiler.dll+0x844aa]  (no source info available)
V  [jvm.dll+0x57eff7]  (no source info available)
V  [jvm.dll+0x57fdac]  (no source info available)
V  [jvm.dll+0x14ca17]  (no source info available)
V  [jvm.dll+0x14dfe1]  (no source info available)
V  [jvm.dll+0x42f456]  (no source info available)
V  [jvm.dll+0x87d76b]  (no source info available)
V  [jvm.dll+0x72ee55]  (no source info available)
C  [ucrtbase.dll+0x21bb2]  (no source info available)
C  [KERNEL32.DLL+0x17374]  (no source info available)
C  [ntdll.dll+0x4cc91]  (no source info available)


siginfo: EXCEPTION_ACCESS_VIOLATION (0xc0000005), reading address 0xffffffffffffffff


Registers:
RAX=0x0000000000000010, RBX=0x0000000000000000, RCX=0xffffffffffffffff, RDX=0x007ffaf446300010
RSP=0x00000095fdfff000, RBP=0x000001b87053ca20, RSI=0x00000095fdfff168, RDI=0x000001b87053ca20
R8 =0x0000000000000042, R9 =0x0000000601000080, R10=0x00007ffaf46d9fb0, R11=0x000000000000005c
R12=0x00000095fdfff168, R13=0x000001b86fd67640, R14=0x000001b82818a4b8, R15=0x000001b82818a4b8
RIP=0x00007ffb1f6d299b, EFLAGS=0x0000000000010202

XMM[0]=0x0000000000000000 0x0000000000000000
XMM[1]=0x0000000000000000 0x0000000000000000
XMM[2]=0x0000000000000000 0x0000000000000000
XMM[3]=0x0000000000000000 0x0000000000000000
XMM[4]=0x0000000000000000 0x0000000000000000
XMM[5]=0x0000000000000000 0x0000000000000000
XMM[6]=0x0000000000000000 0x0000000000000000
XMM[7]=0x0000000000000000 0x0000000000000000
XMM[8]=0x0000000000000000 0x0000000000000000
XMM[9]=0x0000000000000000 0x0000000000000000
XMM[10]=0x0000000000000000 0x0000000000000000
XMM[11]=0x0000000000000000 0x0000000000000000
XMM[12]=0x0000000000000000 0x0000000000000000
XMM[13]=0x0000000000000000 0x0000000000000000
XMM[14]=0x0000000000000000 0x0000000000000000
XMM[15]=0x0000000000000000 0x0000000000000000
  MXCSR=0x00001fa0


Register to memory mapping:

RAX=0x0000000000000010 is an unknown value
RBX=0x0 is null
RCX=0xffffffffffffffff is an unknown value
RDX=0x007ffaf446300010 is an unknown value
RSP=0x00000095fdfff000 is pointing into the stack for thread: 0x000001b82818a0f0
RBP=0x000001b87053ca20 points into unknown readable memory: 0x0000000601000080 | 80 00 00 01 06 00 00 00
RSI=0x00000095fdfff168 is pointing into the stack for thread: 0x000001b82818a0f0
RDI=0x000001b87053ca20 points into unknown readable memory: 0x0000000601000080 | 80 00 00 01 06 00 00 00
R8 =0x0000000000000042 is an unknown value
R9 =0x0000000601000080 is an oop: java.lang.Thread 
{0x0000000601000080} - klass: 'java/lang/Thread' - flags: 

 - ---- fields (total size 14 words):
 - 'threadLocalRandomProbe' 'I' @12  0 (0x00000000)
 - private volatile 'eetop' 'J' @16  1890045202240 (0x000001b80f790f40)
 - private final 'tid' 'J' @24  3 (0x0000000000000003)
 - 'threadLocalRandomSeed' 'J' @32  0 (0x0000000000000000)
 - injected 'jvmti_thread_state' 'J' @40  1891666112560 (0x000001b870163030)
 - 'threadLocalRandomSecondarySeed' 'I' @48  0 (0x00000000)
 - injected 'jvmti_VTMS_transition_disable_count' 'I' @52  0 (0x00000000)
 - injected 'jfr_epoch' 'S' @56  0 (0x0000)
 - volatile 'interrupted' 'Z' @58  false (0x00)
 - injected 'jvmti_is_in_VTMS_transition' 'Z' @59  false (0x00)
 - private volatile 'name' 'Ljava/lang/String;' @60  "main"{0x00000006018e9a50} (0xc031d34a)
 - private volatile 'contextClassLoader' 'Ljava/lang/ClassLoader;' @64  a 'jdk/internal/loader/ClassLoaders$AppClassLoader'{0x0000000601002ab8} (0xc0200557)
 - private final 'holder' 'Ljava/lang/Thread$FieldHolder;' @68  a 'java/lang/Thread$FieldHolder'{0x00000006018e9a28} (0xc031d345)
 - 'threadLocals' 'Ljava/lang/ThreadLocal$ThreadLocalMap;' @72  a 'java/lang/ThreadLocal$ThreadLocalMap'{0x00000006018e98a0} (0xc031d314)
 - 'inheritableThreadLocals' 'Ljava/lang/ThreadLocal$ThreadLocalMap;' @76  null (0x00000000)
 - private 'scopedValueBindings' 'Ljava/lang/Object;' @80  a 'java/lang/Class'{0x0000000601002988} = 'java/lang/Thread' (0xc0200531)
 - final 'interruptLock' 'Ljava/lang/Object;' @84  a 'java/lang/Object'{0x00000006018e9890} (0xc031d312)
 - private volatile 'parkBlocker' 'Ljava/lang/Object;' @88  null (0x00000000)
 - private 'nioBlocker' 'Lsun/nio/ch/Interruptible;' @92  null (0x00000000)
 - private 'cont' 'Ljdk/internal/vm/Continuation;' @96  null (0x00000000)
 - private volatile 'uncaughtExceptionHandler' 'Ljava/lang/Thread$UncaughtExceptionHandler;' @100  a 'org/springframework/boot/devtools/restart/SilentExitExceptionHandler'{0x00000006018391c8} (0xc0307239)
 - private 'container' 'Ljdk/internal/vm/ThreadContainer;' @104  null (0x00000000)
 - private volatile 'headStackableScopes' 'Ljdk/internal/vm/StackableScope;' @108  null (0x00000000)
R10=0x00007ffaf46d9fb0 jvm.dll
R11=0x000000000000005c is an unknown value
R12=0x00000095fdfff168 is pointing into the stack for thread: 0x000001b82818a0f0
R13=0x000001b86fd67640 points into unknown readable memory: 0x00007ffaf464a510 | 10 a5 64 f4 fa 7f 00 00
R14=0x000001b82818a4b8 points into unknown readable memory: 0x00007ffaf46417b0 | b0 17 64 f4 fa 7f 00 00
R15=0x000001b82818a4b8 points into unknown readable memory: 0x00007ffaf46417b0 | b0 17 64 f4 fa 7f 00 00

Top of Stack: (sp=0x00000095fdfff000)
0x00000095fdfff000:   00000095fdfff168 000001b87053ca20   h....... .Sp....
0x00000095fdfff010:   0000000000000000 000001b82818a840   ........@..(....
0x00000095fdfff020:   0000000000000033 00007ffb1f6d2e7b   3.......{.m.....
0x00000095fdfff030:   0000000000000000 000001b82818a4b8   ...........(....
0x00000095fdfff040:   00000095fdfff101 0000000000000000   ................
0x00000095fdfff050:   000001b86fc17280 00007ffb1f6d1ad4   .r.o......m.....
0x00000095fdfff060:   0000000000000000 0000000000000033   ........3.......
0x00000095fdfff070:   0000000000000000 0000000000000033   ........3.......
0x00000095fdfff080:   0000001700000000 000001b86fcc66a0   .........f.o....
0x00000095fdfff090:   000001b86fc17280 000001b86fc1734c   .r.o....Ls.o....
0x00000095fdfff0a0:   000001b86fc1737c 000000000000259c   |s.o.....%......
0x00000095fdfff0b0:   0000000000000000 0000000000000000   ................
0x00000095fdfff0c0:   0000000000000000 00007ffaf3ea57d4   .........W......
0x00000095fdfff0d0:   00007ffb1f815c70 0000000000005bec   p\.......[......
0x00000095fdfff0e0:   00007ffb1f815c70 00000000ffffffff   p\..............
0x00000095fdfff0f0:   0000000000000000 00007ffb1f6d2359   ........Y#m.....
0x00000095fdfff100:   000001b82818a4b8 0000000000000000   ...(............
0x00000095fdfff110:   00000095fdfff179 000001b86fd67640   y.......@v.o....
0x00000095fdfff120:   0000000000000003 0000000000000048   ........H.......
0x00000095fdfff130:   0000000800800310 000001b82818a4b8   ...........(....
0x00000095fdfff140:   000001b825591901 00007ffb1f815c70   ..Y%....p\......
0x00000095fdfff150:   000001b825591900 000001b870163030   ..Y%....00.p....
0x00000095fdfff160:   0000000800800390 000001b876acfc00   ...........v....
0x00000095fdfff170:   000001b876ad0260 000001b876ad0260   `..v....`..v....
0x00000095fdfff180:   000001b82818a4b8 00007ffb1f815c70   ...(....p\......
0x00000095fdfff190:   00000095fdfff308 000001b80d2d0000   ..........-.....
0x00000095fdfff1a0:   00000095fdfff440 0000000000008840   @.......@.......
0x00000095fdfff1b0:   00000095fdfff730 00007ffb1f815cc0   0........\......
0x00000095fdfff1c0:   0000000000989680 0000000000989680   ................
0x00000095fdfff1d0:   00000095fdfff2e0 00007ffb1f6ccf41   ........A.l.....
0x00000095fdfff1e0:   00007ffb1f815c70 00007ffb1f815cc8   p\.......\......
0x00000095fdfff1f0:   00007ffb00000000 00007ffa00000001   ................

Instructions: (pc=0x00007ffb1f6d299b)
  0x00007ffb1f6d289b:   cc cc cc cc cc cc cc cc cc cc cc cc cc cc cc cc
  0x00007ffb1f6d28ab:   cc cc cc cc cc cc cc cc cc cc cc cc cc cc cc cc
  0x00007ffb1f6d28bb:   cc cc cc cc cc cc cc cc cc cc cc cc cc cc cc cc
  0x00007ffb1f6d28cb:   cc cc cc cc cc cc cc cc cc cc cc cc cc cc cc cc
  0x00007ffb1f6d28db:   cc cc cc cc cc cc cc cc cc cc cc cc cc cc cc cc
  0x00007ffb1f6d28eb:   cc cc cc cc cc cc cc cc cc cc cc cc cc cc cc cc
  0x00007ffb1f6d28fb:   cc cc cc cc cc cc cc cc cc cc cc cc cc cc cc cc
  0x00007ffb1f6d290b:   cc cc cc cc cc cc cc cc cc cc cc cc cc cc cc cc
  0x00007ffb1f6d291b:   cc cc cc cc cc cc cc cc cc cc cc cc cc cc cc cc
  0x00007ffb1f6d292b:   cc cc cc cc cc 48 89 5c 24 08 57 48 83 ec 20 48
  0x00007ffb1f6d293b:   8b f9 48 8d 54 24 38 48 8b 0d f7 34 14 00 41 b8
  0x00007ffb1f6d294b:   06 00 01 00 48 8b 01 4c 8b 48 30 41 ff d1 4c 8b
  0x00007ffb1f6d295b:   05 f0 35 14 00 33 c9 85 c0 48 0f 44 4c 24 38 4d
  0x00007ffb1f6d296b:   85 c0 74 4a 48 8b 01 48 8b d7 4c 8b 88 28 03 00
  0x00007ffb1f6d297b:   00 41 ff d1 48 85 c0 74 35 48 63 0d 21 f4 13 00
  0x00007ffb1f6d298b:   48 8b 14 01 48 85 d2 74 15 48 63 05 25 f4 13 00
=>0x00007ffb1f6d299b:   8b 04 10 48 8b 5c 24 30 48 83 c4 20 5f c3 b8 ff
  0x00007ffb1f6d29ab:   ff ff ff 48 8b 5c 24 30 48 83 c4 20 5f c3 80 3d
  0x00007ffb1f6d29bb:   94 34 14 00 00 bb ff ff ff ff 74 20 4c 8b 0d 3a
  0x00007ffb1f6d29cb:   31 14 00 4c 8d 44 24 38 48 8b 0d 1e 31 14 00 48
  0x00007ffb1f6d29db:   8b d7 41 ff d1 85 c0 0f 44 5c 24 38 8b c3 48 8b
  0x00007ffb1f6d29eb:   5c 24 30 48 83 c4 20 5f c3 cc cc cc cc cc cc cc
  0x00007ffb1f6d29fb:   cc cc cc cc cc cc cc cc cc cc cc cc cc cc cc cc
  0x00007ffb1f6d2a0b:   cc cc cc cc cc cc cc cc cc cc cc cc cc cc cc cc
  0x00007ffb1f6d2a1b:   cc cc cc cc cc cc cc cc cc cc cc cc cc cc cc cc
  0x00007ffb1f6d2a2b:   cc cc cc cc cc 48 89 54 24 10 53 55 56 57 41 56
  0x00007ffb1f6d2a3b:   41 57 48 83 ec 28 48 8b f2 4c 8b f1 48 89 4c 24
  0x00007ffb1f6d2a4b:   78 45 33 ff 44 89 7c 24 68 c7 44 24 60 01 00 00
  0x00007ffb1f6d2a5b:   00 48 8d 4c 24 68 e8 a8 40 f7 ff 8b d8 48 8d 4c
  0x00007ffb1f6d2a6b:   24 60 e8 9c 40 f7 ff 8b e8 49 8b ce e8 4d f9 f6
  0x00007ffb1f6d2a7b:   ff 48 8b f8 90 8b c3 f0 0f b1 2f 74 04 f3 90 eb
  0x00007ffb1f6d2a8b:   f4 4c 89 3e 4c 89 7e 08 4c 89 7e 10 49 8b 6e 08


Stack slot to memory mapping:

stack at sp + 0 slots: 0x00000095fdfff168 is pointing into the stack for thread: 0x000001b82818a0f0
stack at sp + 1 slots: 0x000001b87053ca20 points into unknown readable memory: 0x0000000601000080 | 80 00 00 01 06 00 00 00
stack at sp + 2 slots: 0x0 is null
stack at sp + 3 slots: 0x000001b82818a840 points into unknown readable memory: 0x6e616c2e6176616a | 6a 61 76 61 2e 6c 61 6e
stack at sp + 4 slots: 0x0000000000000033 is an unknown value
stack at sp + 5 slots: 0x00007ffb1f6d2e7b libasyncProfiler.dll
stack at sp + 6 slots: 0x0 is null
stack at sp + 7 slots: 0x000001b82818a4b8 points into unknown readable memory: 0x00007ffaf46417b0 | b0 17 64 f4 fa 7f 00 00

Lock stack of current Java thread (top to bottom):


---------------  P R O C E S S  ---------------

Threads class SMR info:
_java_thread_list=0x000001b86fd5e460, length=29, elements={
0x000001b80f790f40, 0x000001b828184830, 0x000001b828185430, 0x000001b828188330,
0x000001b82818a0f0, 0x000001b82818ac20, 0x000001b828193760, 0x000001b8281a0a80,
0x000001b828264140, 0x000001b828336620, 0x000001b828773bd0, 0x000001b828774310,
0x000001b828d3bc20, 0x000001b828d47310, 0x000001b828d55360, 0x000001b828d5ab60,
0x000001b86e7145c0, 0x000001b86e7fb9c0, 0x000001b86e7fab20, 0x000001b86e7fb270,
0x000001b86f98ef00, 0x000001b86f993f70, 0x000001b86f992230, 0x000001b86f992980,
0x000001b86f9904f0, 0x000001b8701081e0, 0x000001b828e07830, 0x000001b86f9930d0,
0x000001b86f993820
}

Java Threads: ( => current thread )
  0x000001b80f790f40 JavaThread "main"                              [_thread_blocked, id=1928, stack(0x00000095fd400000,0x00000095fd500000) (1024K)]
  0x000001b828184830 JavaThread "Reference Handler"          daemon [_thread_blocked, id=7340, stack(0x00000095fdc00000,0x00000095fdd00000) (1024K)]
  0x000001b828185430 JavaThread "Finalizer"                  daemon [_thread_blocked, id=10740, stack(0x00000095fdd00000,0x00000095fde00000) (1024K)]
  0x000001b828188330 JavaThread "Signal Dispatcher"          daemon [_thread_blocked, id=2036, stack(0x00000095fde00000,0x00000095fdf00000) (1024K)]
=>0x000001b82818a0f0 JavaThread "Attach Listener"            daemon [_thread_in_native, id=18388, stack(0x00000095fdf00000,0x00000095fe000000) (1024K)]
  0x000001b82818ac20 JavaThread "Service Thread"             daemon [_thread_blocked, id=18392, stack(0x00000095fe000000,0x00000095fe100000) (1024K)]
  0x000001b828193760 JavaThread "Monitor Deflation Thread"   daemon [_thread_blocked, id=18220, stack(0x00000095fe100000,0x00000095fe200000) (1024K)]
  0x000001b8281a0a80 JavaThread "C1 CompilerThread0"         daemon [_thread_blocked, id=18468, stack(0x00000095fe200000,0x00000095fe300000) (1024K)]
  0x000001b828264140 JavaThread "C1 CompilerThread1"         daemon [_thread_blocked, id=24080, stack(0x00000095fe300000,0x00000095fe400000) (1024K)]
  0x000001b828336620 JavaThread "Common-Cleaner"             daemon [_thread_blocked, id=15672, stack(0x00000095fe500000,0x00000095fe600000) (1024K)]
  0x000001b828773bd0 JavaThread "Monitor Ctrl-Break"         daemon [_thread_in_native, id=1180, stack(0x00000095fe600000,0x00000095fe700000) (1024K)]
  0x000001b828774310 JavaThread "Notification Thread"        daemon [_thread_blocked, id=23000, stack(0x00000095fe700000,0x00000095fe800000) (1024K)]
  0x000001b828d3bc20 JavaThread "RMI TCP Accept-0"           daemon [_thread_in_native, id=6940, stack(0x00000095fe800000,0x00000095fe900000) (1024K)]
  0x000001b828d47310 JavaThread "RMI TCP Connection(1)-192.168.2.133" daemon [_thread_in_native, id=24224, stack(0x00000095fe900000,0x00000095fea00000) (1024K)]
  0x000001b828d55360 JavaThread "RMI Scheduler(0)"           daemon [_thread_blocked, id=13168, stack(0x00000095fea00000,0x00000095feb00000) (1024K)]
  0x000001b828d5ab60 JavaThread "JMX server connection timeout 31" daemon [_thread_blocked, id=17444, stack(0x00000095feb00000,0x00000095fec00000) (1024K)]
  0x000001b86e7145c0 JavaThread "Thread-0"                          [_thread_blocked, id=23708, stack(0x00000095fed00000,0x00000095fee00000) (1024K)]
  0x000001b86e7fb9c0 JavaThread "restartedMain"                     [_thread_in_vm, id=7096, stack(0x00000095fee00000,0x00000095fef00000) (1024K)]
  0x000001b86e7fab20 JavaThread "MVStore background writer A:/Programming/Minecraft/GTNH_Recipe_Planner/data/recipe_planner.mv.db" daemon [_thread_in_vm, id=1564, stack(0x00000095ffa00000,0x00000095ffb00000) (1024K)]
  0x000001b86e7fb270 JavaThread "HikariPool-1:housekeeper"   daemon [_thread_blocked, id=4572, stack(0x00000095ffb00000,0x00000095ffc00000) (1024K)]
  0x000001b86f98ef00 JavaThread "H2-serialization"           daemon [_thread_blocked, id=2576, stack(0x00000095ffd00000,0x00000095ffe00000) (1024K)]
  0x000001b86f993f70 JavaThread "H2-save"                    daemon [_thread_blocked, id=9168, stack(0x00000095ffe00000,0x00000095fff00000) (1024K)]
  0x000001b86f992230 JavaThread "File Watcher"               daemon [_thread_blocked, id=20244, stack(0x00000095fff00000,0x0000009600000000) (1024K)]
  0x000001b86f992980 JavaThread "Live Reload Server"         daemon [_thread_in_native, id=11812, stack(0x0000009580100000,0x0000009580200000) (1024K)]
  0x000001b86f9904f0 JavaThread "RMI TCP Connection(2)-192.168.2.133" daemon [_thread_in_native, id=4912, stack(0x0000009580000000,0x0000009580100000) (1024K)]
  0x000001b8701081e0 JavaThread "C1 CompilerThread2"         daemon [_thread_blocked, id=6452, stack(0x0000009580200000,0x0000009580300000) (1024K)]
  0x000001b828e07830 JavaThread "C1 CompilerThread3"         daemon [_thread_blocked, id=4432, stack(0x0000009580300000,0x0000009580400000) (1024K)]
  0x000001b86f9930d0 JavaThread "JFR Recorder Thread"        daemon [_thread_in_native, id=8480, stack(0x0000009580400000,0x0000009580500000) (1024K)]
  0x000001b86f993820 JavaThread "JFR Periodic Tasks"         daemon [_thread_blocked, id=9628, stack(0x0000009580500000,0x0000009580600000) (1024K)]
Total: 29

Other Threads:
  0x000001b8256c3140 VMThread "VM Thread"                           [id=23508, stack(0x00000095fdb00000,0x00000095fdc00000) (1024K)]
  0x000001b8255931b0 WatcherThread "VM Periodic Task Thread"        [id=23052, stack(0x00000095fda00000,0x00000095fdb00000) (1024K)]
  0x000001b80f83b390 WorkerThread "GC Thread#0"                     [id=23584, stack(0x00000095fd500000,0x00000095fd600000) (1024K)]
  0x000001b86e7a2870 WorkerThread "GC Thread#1"                     [id=12936, stack(0x00000095fef00000,0x00000095ff000000) (1024K)]
  0x000001b86e824c60 WorkerThread "GC Thread#2"                     [id=20088, stack(0x00000095ff000000,0x00000095ff100000) (1024K)]
  0x000001b86e825420 WorkerThread "GC Thread#3"                     [id=7856, stack(0x00000095ff100000,0x00000095ff200000) (1024K)]
  0x000001b86e94fc80 WorkerThread "GC Thread#4"                     [id=23784, stack(0x00000095ff200000,0x00000095ff300000) (1024K)]
  0x000001b86e7b3430 WorkerThread "GC Thread#5"                     [id=5900, stack(0x00000095ff300000,0x00000095ff400000) (1024K)]
  0x000001b86e7b2cd0 WorkerThread "GC Thread#6"                     [id=16836, stack(0x00000095ff400000,0x00000095ff500000) (1024K)]
  0x000001b86e7b37e0 WorkerThread "GC Thread#7"                     [id=23840, stack(0x00000095ff500000,0x00000095ff600000) (1024K)]
  0x000001b86e7b3b90 WorkerThread "GC Thread#8"                     [id=12048, stack(0x00000095ff600000,0x00000095ff700000) (1024K)]
  0x000001b86e7b3080 WorkerThread "GC Thread#9"                     [id=12576, stack(0x00000095ff700000,0x00000095ff800000) (1024K)]
  0x000001b8254d4070 ConcurrentGCThread "G1 Main Marker"            [id=18384, stack(0x00000095fd600000,0x00000095fd700000) (1024K)]
  0x000001b8254d4a90 WorkerThread "G1 Conc#0"                       [id=7232, stack(0x00000095fd700000,0x00000095fd800000) (1024K)]
  0x000001b86ecdcd70 WorkerThread "G1 Conc#1"                       [id=4764, stack(0x00000095ff800000,0x00000095ff900000) (1024K)]
  0x000001b86ecdb750 WorkerThread "G1 Conc#2"                       [id=4216, stack(0x00000095ff900000,0x00000095ffa00000) (1024K)]
  0x000001b8255892d0 ConcurrentGCThread "G1 Refine#0"               [id=12928, stack(0x00000095fd800000,0x00000095fd900000) (1024K)]
  0x000001b825589d60 ConcurrentGCThread "G1 Service"                [id=24564, stack(0x00000095fd900000,0x00000095fda00000) (1024K)]
Total: 18

Threads with active compile tasks:
Total: 0

VM state: not at safepoint (normal execution)

VM Mutex/Monitor currently owned by a thread: None

Heap address: 0x0000000600c00000, size: 8180 MB, Compressed Oops mode: Zero based, Oop shift amount: 3

CDS archive(s) mapped at: [0x000001b829000000-0x000001b829d40000-0x000001b829d40000), size 13893632, SharedBaseAddress: 0x000001b829000000, ArchiveRelocationMode: 1.
Compressed class space mapped at: 0x000001b82a000000-0x000001b86a000000, reserved size: 1073741824
UseCompressedClassPointers 1, UseCompactObjectHeaders 0
Narrow klass pointer bits 32, Max shift 3
Narrow klass base: 0x000001b829000000, Narrow klass shift: 0
Encoding Range: [0x000001b829000000 - 0x000001b929000000), (4294967296 bytes)
Klass Range:    [0x000001b829000000 - 0x000001b86a000000), (1090519040 bytes)
Klass ID Range:  [8 - 1090519033) (1090519025)

GC Precious Log:
 CardTable entry size: 512
 Card Set container configuration: InlinePtr #cards 4 size 8 Array Of Cards #cards 32 size 80 Howl #buckets 8 coarsen threshold 7372 Howl Bitmap #cards 1024 size 144 coarsen threshold 921 Card regions per heap region 1 cards per card region 8192
 CPUs: 12 total, 12 available
 Memory: 32717M
 Large Page Support: Disabled
 NUMA Support: Disabled
 Compressed Oops: Enabled (Zero based)
 Heap Region Size: 4M
 Heap Min Capacity: 8M
 Heap Initial Capacity: 512M
 Heap Max Capacity: 8180M
 Pre-touch: Disabled
 Parallel Workers: 10
 Concurrent Workers: 3
 Concurrent Refinement Workers: 10
 Periodic GC: Disabled

Heap:
 garbage-first heap   total reserved 8376320K, committed 860160K, used 633712K [0x0000000600c00000, 0x0000000800000000)
  region size 4096K, 50 young (204800K), 1 survivors (4096K)
 Metaspace       used 68264K, committed 69056K, reserved 1114112K
  class space    used 8234K, committed 8576K, reserved 1048576K

Heap Regions: E=young(eden), S=young(survivor), O=old, HS=humongous(starts), HC=humongous(continues), CS=collection set, F=free, TAMS=top-at-mark-start, PB=parsable bottom
|   0|0x0000000600c00000, 0x0000000601000000, 0x0000000601000000|100%| O|  |TAMS 0x0000000600c00000| PB 0x0000000600c00000| Untracked |  0
|   1|0x0000000601000000, 0x0000000601400000, 0x0000000601400000|100%| O|  |TAMS 0x0000000601000000| PB 0x0000000601000000| Untracked |  0
|   2|0x0000000601400000, 0x0000000601800000, 0x0000000601800000|100%| O|  |TAMS 0x0000000601400000| PB 0x0000000601400000| Untracked |  0
|   3|0x0000000601800000, 0x0000000601c00000, 0x0000000601c00000|100%| O|  |TAMS 0x0000000601800000| PB 0x0000000601800000| Untracked |  0
|   4|0x0000000601c00000, 0x0000000601c00000, 0x0000000602000000|  0%| F|  |TAMS 0x0000000601c00000| PB 0x0000000601c00000| Untracked |  0
|   5|0x0000000602000000, 0x0000000602000000, 0x0000000602400000|  0%| F|  |TAMS 0x0000000602000000| PB 0x0000000602000000| Untracked |  0
|   6|0x0000000602400000, 0x0000000602800000, 0x0000000602800000|100%| O|  |TAMS 0x0000000602400000| PB 0x0000000602400000| Untracked |  0
|   7|0x0000000602800000, 0x0000000602800000, 0x0000000602c00000|  0%| F|  |TAMS 0x0000000602800000| PB 0x0000000602800000| Untracked |  0
|   8|0x0000000602c00000, 0x0000000602c00000, 0x0000000603000000|  0%| F|  |TAMS 0x0000000602c00000| PB 0x0000000602c00000| Untracked |  0
|   9|0x0000000603000000, 0x0000000603000000, 0x0000000603400000|  0%| F|  |TAMS 0x0000000603000000| PB 0x0000000603000000| Untracked |  0
|  10|0x0000000603400000, 0x0000000603400000, 0x0000000603800000|  0%| F|  |TAMS 0x0000000603400000| PB 0x0000000603400000| Untracked |  0
|  11|0x0000000603800000, 0x0000000603c00000, 0x0000000603c00000|100%| O|  |TAMS 0x0000000603800000| PB 0x0000000603800000| Untracked |  0
|  12|0x0000000603c00000, 0x0000000603c00000, 0x0000000604000000|  0%| F|  |TAMS 0x0000000603c00000| PB 0x0000000603c00000| Untracked |  0
|  13|0x0000000604000000, 0x0000000604000000, 0x0000000604400000|  0%| F|  |TAMS 0x0000000604000000| PB 0x0000000604000000| Untracked |  0
|  14|0x0000000604400000, 0x0000000604800000, 0x0000000604800000|100%| O|Cm|TAMS 0x0000000604400000| PB 0x0000000604400000| Complete |  0
|  15|0x0000000604800000, 0x0000000604c00000, 0x0000000604c00000|100%| O|Cm|TAMS 0x0000000604800000| PB 0x0000000604800000| Complete |  0
|  16|0x0000000604c00000, 0x0000000605000000, 0x0000000605000000|100%| O|  |TAMS 0x0000000604c00000| PB 0x0000000604c00000| Untracked |  0
|  17|0x0000000605000000, 0x0000000605400000, 0x0000000605400000|100%| O|  |TAMS 0x0000000605000000| PB 0x0000000605000000| Untracked |  0
|  18|0x0000000605400000, 0x0000000605400000, 0x0000000605800000|  0%| F|  |TAMS 0x0000000605400000| PB 0x0000000605400000| Untracked |  0
|  19|0x0000000605800000, 0x0000000605800000, 0x0000000605c00000|  0%| F|  |TAMS 0x0000000605800000| PB 0x0000000605800000| Untracked |  0
|  20|0x0000000605c00000, 0x0000000606000000, 0x0000000606000000|100%| O|Cm|TAMS 0x0000000605c00000| PB 0x0000000605c00000| Complete |  0
|  21|0x0000000606000000, 0x0000000606400000, 0x0000000606400000|100%| O|  |TAMS 0x0000000606000000| PB 0x0000000606000000| Untracked |  0
|  22|0x0000000606400000, 0x0000000606800000, 0x0000000606800000|100%| O|  |TAMS 0x0000000606400000| PB 0x0000000606400000| Untracked |  0
|  23|0x0000000606800000, 0x0000000606c00000, 0x0000000606c00000|100%| O|  |TAMS 0x0000000606800000| PB 0x0000000606800000| Untracked |  0
|  24|0x0000000606c00000, 0x0000000607000000, 0x0000000607000000|100%| O|  |TAMS 0x0000000606c00000| PB 0x0000000606c00000| Untracked |  0
|  25|0x0000000607000000, 0x0000000607000000, 0x0000000607400000|  0%| F|  |TAMS 0x0000000607000000| PB 0x0000000607000000| Untracked |  0
|  26|0x0000000607400000, 0x0000000607400000, 0x0000000607800000|  0%| F|  |TAMS 0x0000000607400000| PB 0x0000000607400000| Untracked |  0
|  27|0x0000000607800000, 0x0000000607800000, 0x0000000607c00000|  0%| F|  |TAMS 0x0000000607800000| PB 0x0000000607800000| Untracked |  0
|  28|0x0000000607c00000, 0x0000000607c00000, 0x0000000608000000|  0%| F|  |TAMS 0x0000000607c00000| PB 0x0000000607c00000| Untracked |  0
|  29|0x0000000608000000, 0x0000000608000000, 0x0000000608400000|  0%| F|  |TAMS 0x0000000608000000| PB 0x0000000608000000| Untracked |  0
|  30|0x0000000608400000, 0x0000000608400000, 0x0000000608800000|  0%| F|  |TAMS 0x0000000608400000| PB 0x0000000608400000| Untracked |  0
|  31|0x0000000608800000, 0x0000000608800000, 0x0000000608c00000|  0%| F|  |TAMS 0x0000000608800000| PB 0x0000000608800000| Untracked |  0
|  32|0x0000000608c00000, 0x0000000608c00000, 0x0000000609000000|  0%| F|  |TAMS 0x0000000608c00000| PB 0x0000000608c00000| Untracked |  0
|  33|0x0000000609000000, 0x0000000609400000, 0x0000000609400000|100%| O|Cm|TAMS 0x0000000609000000| PB 0x0000000609000000| Complete |  0
|  34|0x0000000609400000, 0x0000000609400000, 0x0000000609800000|  0%| F|  |TAMS 0x0000000609400000| PB 0x0000000609400000| Untracked |  0
|  35|0x0000000609800000, 0x0000000609c00000, 0x0000000609c00000|100%| O|Cm|TAMS 0x0000000609800000| PB 0x0000000609800000| Complete |  0
|  36|0x0000000609c00000, 0x0000000609c00000, 0x000000060a000000|  0%| F|  |TAMS 0x0000000609c00000| PB 0x0000000609c00000| Untracked |  0
|  37|0x000000060a000000, 0x000000060a400000, 0x000000060a400000|100%| O|  |TAMS 0x000000060a000000| PB 0x000000060a000000| Untracked |  0
|  38|0x000000060a400000, 0x000000060a800000, 0x000000060a800000|100%| O|  |TAMS 0x000000060a400000| PB 0x000000060a400000| Untracked |  0
|  39|0x000000060a800000, 0x000000060ac00000, 0x000000060ac00000|100%| O|  |TAMS 0x000000060a800000| PB 0x000000060a800000| Untracked |  0
|  40|0x000000060ac00000, 0x000000060b000000, 0x000000060b000000|100%| O|  |TAMS 0x000000060ac00000| PB 0x000000060ac00000| Untracked |  0
|  41|0x000000060b000000, 0x000000060b400000, 0x000000060b400000|100%| O|  |TAMS 0x000000060b000000| PB 0x000000060b000000| Untracked |  0
|  42|0x000000060b400000, 0x000000060b800000, 0x000000060b800000|100%|HS|  |TAMS 0x000000060b400000| PB 0x000000060b400000| Complete |  0
|  43|0x000000060b800000, 0x000000060bc00000, 0x000000060bc00000|100%| O|  |TAMS 0x000000060b800000| PB 0x000000060b800000| Untracked |  0
|  44|0x000000060bc00000, 0x000000060c000000, 0x000000060c000000|100%| O|  |TAMS 0x000000060bc00000| PB 0x000000060bc00000| Untracked |  0
|  45|0x000000060c000000, 0x000000060c400000, 0x000000060c400000|100%| O|  |TAMS 0x000000060c000000| PB 0x000000060c000000| Untracked |  0
|  46|0x000000060c400000, 0x000000060c800000, 0x000000060c800000|100%| O|  |TAMS 0x000000060c400000| PB 0x000000060c400000| Untracked |  0
|  47|0x000000060c800000, 0x000000060cc00000, 0x000000060cc00000|100%| O|  |TAMS 0x000000060c800000| PB 0x000000060c800000| Untracked |  0
|  48|0x000000060cc00000, 0x000000060d000000, 0x000000060d000000|100%| O|  |TAMS 0x000000060cc00000| PB 0x000000060cc00000| Untracked |  0
|  49|0x000000060d000000, 0x000000060d400000, 0x000000060d400000|100%| O|  |TAMS 0x000000060d000000| PB 0x000000060d000000| Untracked |  0
|  50|0x000000060d400000, 0x000000060d800000, 0x000000060d800000|100%| O|  |TAMS 0x000000060d400000| PB 0x000000060d400000| Untracked |  0
|  51|0x000000060d800000, 0x000000060dc00000, 0x000000060dc00000|100%| O|Cm|TAMS 0x000000060d800000| PB 0x000000060d800000| Complete |  0
|  52|0x000000060dc00000, 0x000000060e000000, 0x000000060e000000|100%| O|Cm|TAMS 0x000000060dc00000| PB 0x000000060dc00000| Complete |  0
|  53|0x000000060e000000, 0x000000060e000000, 0x000000060e400000|  0%| F|  |TAMS 0x000000060e000000| PB 0x000000060e000000| Untracked |  0
|  54|0x000000060e400000, 0x000000060e800000, 0x000000060e800000|100%| O|  |TAMS 0x000000060e400000| PB 0x000000060e400000| Untracked |  0
|  55|0x000000060e800000, 0x000000060ec00000, 0x000000060ec00000|100%| O|  |TAMS 0x000000060e800000| PB 0x000000060e800000| Untracked |  0
|  56|0x000000060ec00000, 0x000000060f000000, 0x000000060f000000|100%| O|  |TAMS 0x000000060ec00000| PB 0x000000060ec00000| Untracked |  0
|  57|0x000000060f000000, 0x000000060f400000, 0x000000060f400000|100%| O|  |TAMS 0x000000060f000000| PB 0x000000060f000000| Untracked |  0
|  58|0x000000060f400000, 0x000000060f4ec350, 0x000000060f800000| 23%| O|  |TAMS 0x000000060f400000| PB 0x000000060f400000| Untracked |  0
|  59|0x000000060f800000, 0x000000060f800000, 0x000000060fc00000|  0%| F|  |TAMS 0x000000060f800000| PB 0x000000060f800000| Untracked |  0
|  60|0x000000060fc00000, 0x000000060fc00000, 0x0000000610000000|  0%| F|  |TAMS 0x000000060fc00000| PB 0x000000060fc00000| Untracked |  0
|  61|0x0000000610000000, 0x0000000610000000, 0x0000000610400000|  0%| F|  |TAMS 0x0000000610000000| PB 0x0000000610000000| Untracked |  0
|  62|0x0000000610400000, 0x0000000610800000, 0x0000000610800000|100%| O|  |TAMS 0x0000000610400000| PB 0x0000000610400000| Untracked |  0
|  63|0x0000000610800000, 0x0000000610c00000, 0x0000000610c00000|100%| O|  |TAMS 0x0000000610800000| PB 0x0000000610800000| Untracked |  0
|  64|0x0000000610c00000, 0x0000000611000000, 0x0000000611000000|100%| O|  |TAMS 0x0000000610c00000| PB 0x0000000610c00000| Untracked |  0
|  65|0x0000000611000000, 0x0000000611400000, 0x0000000611400000|100%| O|  |TAMS 0x0000000611000000| PB 0x0000000611000000| Untracked |  0
|  66|0x0000000611400000, 0x0000000611800000, 0x0000000611800000|100%| O|  |TAMS 0x0000000611400000| PB 0x0000000611400000| Untracked |  0
|  67|0x0000000611800000, 0x0000000611c00000, 0x0000000611c00000|100%| O|  |TAMS 0x0000000611800000| PB 0x0000000611800000| Untracked |  0
|  68|0x0000000611c00000, 0x0000000612000000, 0x0000000612000000|100%| O|  |TAMS 0x0000000611c00000| PB 0x0000000611c00000| Untracked |  0
|  69|0x0000000612000000, 0x0000000612400000, 0x0000000612400000|100%| O|  |TAMS 0x0000000612000000| PB 0x0000000612000000| Untracked |  0
|  70|0x0000000612400000, 0x0000000612800000, 0x0000000612800000|100%| O|  |TAMS 0x0000000612400000| PB 0x0000000612400000| Untracked |  0
|  71|0x0000000612800000, 0x0000000612c00000, 0x0000000612c00000|100%| O|  |TAMS 0x0000000612800000| PB 0x0000000612800000| Untracked |  0
|  72|0x0000000612c00000, 0x0000000613000000, 0x0000000613000000|100%|HS|  |TAMS 0x0000000612c00000| PB 0x0000000612c00000| Complete |  0
|  73|0x0000000613000000, 0x0000000613400000, 0x0000000613400000|100%|HC|  |TAMS 0x0000000613000000| PB 0x0000000613000000| Complete |  0
|  74|0x0000000613400000, 0x0000000613800000, 0x0000000613800000|100%|HC|  |TAMS 0x0000000613400000| PB 0x0000000613400000| Complete |  0
|  75|0x0000000613800000, 0x0000000613c00000, 0x0000000613c00000|100%|HC|  |TAMS 0x0000000613800000| PB 0x0000000613800000| Complete |  0
|  76|0x0000000613c00000, 0x0000000614000000, 0x0000000614000000|100%|HC|  |TAMS 0x0000000613c00000| PB 0x0000000613c00000| Complete |  0
|  77|0x0000000614000000, 0x0000000614400000, 0x0000000614400000|100%|HC|  |TAMS 0x0000000614000000| PB 0x0000000614000000| Complete |  0
|  78|0x0000000614400000, 0x0000000614800000, 0x0000000614800000|100%|HC|  |TAMS 0x0000000614400000| PB 0x0000000614400000| Complete |  0
|  79|0x0000000614800000, 0x0000000614c00000, 0x0000000614c00000|100%|HC|  |TAMS 0x0000000614800000| PB 0x0000000614800000| Complete |  0
|  80|0x0000000614c00000, 0x0000000615000000, 0x0000000615000000|100%|HC|  |TAMS 0x0000000614c00000| PB 0x0000000614c00000| Complete |  0
|  81|0x0000000615000000, 0x0000000615400000, 0x0000000615400000|100%|HC|  |TAMS 0x0000000615000000| PB 0x0000000615000000| Complete |  0
|  82|0x0000000615400000, 0x0000000615800000, 0x0000000615800000|100%|HC|  |TAMS 0x0000000615400000| PB 0x0000000615400000| Complete |  0
|  83|0x0000000615800000, 0x0000000615c00000, 0x0000000615c00000|100%|HC|  |TAMS 0x0000000615800000| PB 0x0000000615800000| Complete |  0
|  84|0x0000000615c00000, 0x0000000616000000, 0x0000000616000000|100%|HC|  |TAMS 0x0000000615c00000| PB 0x0000000615c00000| Complete |  0
|  85|0x0000000616000000, 0x0000000616400000, 0x0000000616400000|100%|HC|  |TAMS 0x0000000616000000| PB 0x0000000616000000| Complete |  0
|  86|0x0000000616400000, 0x0000000616800000, 0x0000000616800000|100%|HC|  |TAMS 0x0000000616400000| PB 0x0000000616400000| Complete |  0
|  87|0x0000000616800000, 0x0000000616c00000, 0x0000000616c00000|100%|HC|  |TAMS 0x0000000616800000| PB 0x0000000616800000| Complete |  0
|  88|0x0000000616c00000, 0x0000000617000000, 0x0000000617000000|100%| O|  |TAMS 0x0000000616c00000| PB 0x0000000616c00000| Untracked |  0
|  89|0x0000000617000000, 0x0000000617000000, 0x0000000617400000|  0%| F|  |TAMS 0x0000000617000000| PB 0x0000000617000000| Untracked |  0
|  90|0x0000000617400000, 0x0000000617400000, 0x0000000617800000|  0%| F|  |TAMS 0x0000000617400000| PB 0x0000000617400000| Untracked |  0
|  91|0x0000000617800000, 0x0000000617800000, 0x0000000617c00000|  0%| F|  |TAMS 0x0000000617800000| PB 0x0000000617800000| Untracked |  0
|  92|0x0000000617c00000, 0x0000000617c00000, 0x0000000618000000|  0%| F|  |TAMS 0x0000000617c00000| PB 0x0000000617c00000| Untracked |  0
|  93|0x0000000618000000, 0x0000000618000000, 0x0000000618400000|  0%| F|  |TAMS 0x0000000618000000| PB 0x0000000618000000| Untracked |  0
|  94|0x0000000618400000, 0x0000000618400000, 0x0000000618800000|  0%| F|  |TAMS 0x0000000618400000| PB 0x0000000618400000| Untracked |  0
|  95|0x0000000618800000, 0x0000000618800000, 0x0000000618c00000|  0%| F|  |TAMS 0x0000000618800000| PB 0x0000000618800000| Untracked |  0
|  96|0x0000000618c00000, 0x0000000618c00000, 0x0000000619000000|  0%| F|  |TAMS 0x0000000618c00000| PB 0x0000000618c00000| Untracked |  0
|  97|0x0000000619000000, 0x0000000619000000, 0x0000000619400000|  0%| F|  |TAMS 0x0000000619000000| PB 0x0000000619000000| Untracked |  0
|  98|0x0000000619400000, 0x0000000619400000, 0x0000000619800000|  0%| F|  |TAMS 0x0000000619400000| PB 0x0000000619400000| Untracked |  0
|  99|0x0000000619800000, 0x0000000619800000, 0x0000000619c00000|  0%| F|  |TAMS 0x0000000619800000| PB 0x0000000619800000| Untracked |  0
| 100|0x0000000619c00000, 0x0000000619c00000, 0x000000061a000000|  0%| F|  |TAMS 0x0000000619c00000| PB 0x0000000619c00000| Untracked |  0
| 101|0x000000061a000000, 0x000000061a000000, 0x000000061a400000|  0%| F|  |TAMS 0x000000061a000000| PB 0x000000061a000000| Untracked |  0
| 102|0x000000061a400000, 0x000000061a400000, 0x000000061a800000|  0%| F|  |TAMS 0x000000061a400000| PB 0x000000061a400000| Untracked |  0
| 103|0x000000061a800000, 0x000000061a800000, 0x000000061ac00000|  0%| F|  |TAMS 0x000000061a800000| PB 0x000000061a800000| Untracked |  0
| 104|0x000000061ac00000, 0x000000061ac00000, 0x000000061b000000|  0%| F|  |TAMS 0x000000061ac00000| PB 0x000000061ac00000| Untracked |  0
| 105|0x000000061b000000, 0x000000061b000000, 0x000000061b400000|  0%| F|  |TAMS 0x000000061b000000| PB 0x000000061b000000| Untracked |  0
| 106|0x000000061b400000, 0x000000061b400000, 0x000000061b800000|  0%| F|  |TAMS 0x000000061b400000| PB 0x000000061b400000| Untracked |  0
| 107|0x000000061b800000, 0x000000061b800000, 0x000000061bc00000|  0%| F|  |TAMS 0x000000061b800000| PB 0x000000061b800000| Untracked |  0
| 108|0x000000061bc00000, 0x000000061bc00000, 0x000000061c000000|  0%| F|  |TAMS 0x000000061bc00000| PB 0x000000061bc00000| Untracked |  0
| 109|0x000000061c000000, 0x000000061c000000, 0x000000061c400000|  0%| F|  |TAMS 0x000000061c000000| PB 0x000000061c000000| Untracked |  0
| 110|0x000000061c400000, 0x000000061c400000, 0x000000061c800000|  0%| F|  |TAMS 0x000000061c400000| PB 0x000000061c400000| Untracked |  0
| 111|0x000000061c800000, 0x000000061c800000, 0x000000061cc00000|  0%| F|  |TAMS 0x000000061c800000| PB 0x000000061c800000| Untracked |  0
| 112|0x000000061cc00000, 0x000000061cc00000, 0x000000061d000000|  0%| F|  |TAMS 0x000000061cc00000| PB 0x000000061cc00000| Untracked |  0
| 113|0x000000061d000000, 0x000000061d000000, 0x000000061d400000|  0%| F|  |TAMS 0x000000061d000000| PB 0x000000061d000000| Untracked |  0
| 114|0x000000061d400000, 0x000000061d400000, 0x000000061d800000|  0%| F|  |TAMS 0x000000061d400000| PB 0x000000061d400000| Untracked |  0
| 115|0x000000061d800000, 0x000000061d800000, 0x000000061dc00000|  0%| F|  |TAMS 0x000000061d800000| PB 0x000000061d800000| Untracked |  0
| 116|0x000000061dc00000, 0x000000061dc00000, 0x000000061e000000|  0%| F|  |TAMS 0x000000061dc00000| PB 0x000000061dc00000| Untracked |  0
| 117|0x000000061e000000, 0x000000061e000000, 0x000000061e400000|  0%| F|  |TAMS 0x000000061e000000| PB 0x000000061e000000| Untracked |  0
| 118|0x000000061e400000, 0x000000061e600848, 0x000000061e800000| 50%| E|  |TAMS 0x000000061e400000| PB 0x000000061e400000| Complete |  0
| 119|0x000000061e800000, 0x000000061ec00000, 0x000000061ec00000|100%| E|CS|TAMS 0x000000061e800000| PB 0x000000061e800000| Complete |  0
| 120|0x000000061ec00000, 0x000000061f000000, 0x000000061f000000|100%| E|CS|TAMS 0x000000061ec00000| PB 0x000000061ec00000| Complete |  0
| 121|0x000000061f000000, 0x000000061f1efdc0, 0x000000061f400000| 48%| S|CS|TAMS 0x000000061f000000| PB 0x000000061f000000| Complete |  0
| 122|0x000000061f400000, 0x000000061f800000, 0x000000061f800000|100%| E|CS|TAMS 0x000000061f400000| PB 0x000000061f400000| Complete |  0
| 123|0x000000061f800000, 0x000000061fc00000, 0x000000061fc00000|100%| E|CS|TAMS 0x000000061f800000| PB 0x000000061f800000| Complete |  0
| 124|0x000000061fc00000, 0x0000000620000000, 0x0000000620000000|100%| E|CS|TAMS 0x000000061fc00000| PB 0x000000061fc00000| Complete |  0
| 125|0x0000000620000000, 0x0000000620400000, 0x0000000620400000|100%| E|CS|TAMS 0x0000000620000000| PB 0x0000000620000000| Complete |  0
| 126|0x0000000620400000, 0x0000000620800000, 0x0000000620800000|100%| E|CS|TAMS 0x0000000620400000| PB 0x0000000620400000| Complete |  0
| 127|0x0000000620800000, 0x0000000620c00000, 0x0000000620c00000|100%| E|CS|TAMS 0x0000000620800000| PB 0x0000000620800000| Complete |  0
| 128|0x0000000620c00000, 0x0000000621000000, 0x0000000621000000|100%| E|CS|TAMS 0x0000000620c00000| PB 0x0000000620c00000| Complete |  0
| 129|0x0000000621000000, 0x0000000621400000, 0x0000000621400000|100%| E|CS|TAMS 0x0000000621000000| PB 0x0000000621000000| Complete |  0
| 130|0x0000000621400000, 0x0000000621800000, 0x0000000621800000|100%| E|CS|TAMS 0x0000000621400000| PB 0x0000000621400000| Complete |  0
| 131|0x0000000621800000, 0x0000000621c00000, 0x0000000621c00000|100%| E|CS|TAMS 0x0000000621800000| PB 0x0000000621800000| Complete |  0
| 132|0x0000000621c00000, 0x0000000622000000, 0x0000000622000000|100%| E|CS|TAMS 0x0000000621c00000| PB 0x0000000621c00000| Complete |  0
| 133|0x0000000622000000, 0x0000000622400000, 0x0000000622400000|100%| E|CS|TAMS 0x0000000622000000| PB 0x0000000622000000| Complete |  0
| 134|0x0000000622400000, 0x0000000622800000, 0x0000000622800000|100%| E|CS|TAMS 0x0000000622400000| PB 0x0000000622400000| Complete |  0
| 135|0x0000000622800000, 0x0000000622c00000, 0x0000000622c00000|100%| E|CS|TAMS 0x0000000622800000| PB 0x0000000622800000| Complete |  0
| 136|0x0000000622c00000, 0x0000000623000000, 0x0000000623000000|100%| E|CS|TAMS 0x0000000622c00000| PB 0x0000000622c00000| Complete |  0
| 137|0x0000000623000000, 0x0000000623400000, 0x0000000623400000|100%| E|CS|TAMS 0x0000000623000000| PB 0x0000000623000000| Complete |  0
| 138|0x0000000623400000, 0x0000000623800000, 0x0000000623800000|100%| E|CS|TAMS 0x0000000623400000| PB 0x0000000623400000| Complete |  0
| 139|0x0000000623800000, 0x0000000623c00000, 0x0000000623c00000|100%| E|CS|TAMS 0x0000000623800000| PB 0x0000000623800000| Complete |  0
| 140|0x0000000623c00000, 0x0000000624000000, 0x0000000624000000|100%| E|CS|TAMS 0x0000000623c00000| PB 0x0000000623c00000| Complete |  0
| 141|0x0000000624000000, 0x0000000624400000, 0x0000000624400000|100%| E|CS|TAMS 0x0000000624000000| PB 0x0000000624000000| Complete |  0
| 142|0x0000000624400000, 0x0000000624800000, 0x0000000624800000|100%| E|CS|TAMS 0x0000000624400000| PB 0x0000000624400000| Complete |  0
| 143|0x0000000624800000, 0x0000000624c00000, 0x0000000624c00000|100%| E|CS|TAMS 0x0000000624800000| PB 0x0000000624800000| Complete |  0
| 144|0x0000000624c00000, 0x0000000625000000, 0x0000000625000000|100%| E|CS|TAMS 0x0000000624c00000| PB 0x0000000624c00000| Complete |  0
| 145|0x0000000625000000, 0x0000000625400000, 0x0000000625400000|100%| E|CS|TAMS 0x0000000625000000| PB 0x0000000625000000| Complete |  0
| 146|0x0000000625400000, 0x0000000625800000, 0x0000000625800000|100%| E|CS|TAMS 0x0000000625400000| PB 0x0000000625400000| Complete |  0
| 147|0x0000000625800000, 0x0000000625c00000, 0x0000000625c00000|100%| E|CS|TAMS 0x0000000625800000| PB 0x0000000625800000| Complete |  0
| 148|0x0000000625c00000, 0x0000000626000000, 0x0000000626000000|100%| E|CS|TAMS 0x0000000625c00000| PB 0x0000000625c00000| Complete |  0
| 149|0x0000000626000000, 0x0000000626400000, 0x0000000626400000|100%| E|CS|TAMS 0x0000000626000000| PB 0x0000000626000000| Complete |  0
| 150|0x0000000626400000, 0x0000000626800000, 0x0000000626800000|100%| E|CS|TAMS 0x0000000626400000| PB 0x0000000626400000| Complete |  0
| 151|0x0000000626800000, 0x0000000626c00000, 0x0000000626c00000|100%| E|CS|TAMS 0x0000000626800000| PB 0x0000000626800000| Complete |  0
| 152|0x0000000626c00000, 0x0000000627000000, 0x0000000627000000|100%| E|CS|TAMS 0x0000000626c00000| PB 0x0000000626c00000| Complete |  0
| 153|0x0000000627000000, 0x0000000627400000, 0x0000000627400000|100%| E|CS|TAMS 0x0000000627000000| PB 0x0000000627000000| Complete |  0
| 154|0x0000000627400000, 0x0000000627800000, 0x0000000627800000|100%| E|CS|TAMS 0x0000000627400000| PB 0x0000000627400000| Complete |  0
| 155|0x0000000627800000, 0x0000000627c00000, 0x0000000627c00000|100%| E|CS|TAMS 0x0000000627800000| PB 0x0000000627800000| Complete |  0
| 156|0x0000000627c00000, 0x0000000628000000, 0x0000000628000000|100%| E|CS|TAMS 0x0000000627c00000| PB 0x0000000627c00000| Complete |  0
| 157|0x0000000628000000, 0x0000000628400000, 0x0000000628400000|100%| E|CS|TAMS 0x0000000628000000| PB 0x0000000628000000| Complete |  0
| 158|0x0000000628400000, 0x0000000628800000, 0x0000000628800000|100%| E|CS|TAMS 0x0000000628400000| PB 0x0000000628400000| Complete |  0
| 159|0x0000000628800000, 0x0000000628c00000, 0x0000000628c00000|100%| E|CS|TAMS 0x0000000628800000| PB 0x0000000628800000| Complete |  0
| 160|0x0000000628c00000, 0x0000000629000000, 0x0000000629000000|100%| E|CS|TAMS 0x0000000628c00000| PB 0x0000000628c00000| Complete |  0
| 161|0x0000000629000000, 0x0000000629400000, 0x0000000629400000|100%| E|CS|TAMS 0x0000000629000000| PB 0x0000000629000000| Complete |  0
| 162|0x0000000629400000, 0x0000000629800000, 0x0000000629800000|100%| E|CS|TAMS 0x0000000629400000| PB 0x0000000629400000| Complete |  0
| 163|0x0000000629800000, 0x0000000629c00000, 0x0000000629c00000|100%| E|CS|TAMS 0x0000000629800000| PB 0x0000000629800000| Complete |  0
| 164|0x0000000629c00000, 0x000000062a000000, 0x000000062a000000|100%| E|CS|TAMS 0x0000000629c00000| PB 0x0000000629c00000| Complete |  0
| 165|0x000000062a000000, 0x000000062a400000, 0x000000062a400000|100%| E|CS|TAMS 0x000000062a000000| PB 0x000000062a000000| Complete |  0
| 166|0x000000062a400000, 0x000000062a800000, 0x000000062a800000|100%| E|CS|TAMS 0x000000062a400000| PB 0x000000062a400000| Complete |  0
|2002|0x00000007f5400000, 0x00000007f5800000, 0x00000007f5800000|100%| O|  |TAMS 0x00000007f5400000| PB 0x00000007f5400000| Untracked |  0
|2003|0x00000007f5800000, 0x00000007f5c00000, 0x00000007f5c00000|100%| O|Cm|TAMS 0x00000007f5800000| PB 0x00000007f5800000| Complete |  0
|2004|0x00000007f5c00000, 0x00000007f6000000, 0x00000007f6000000|100%| O|  |TAMS 0x00000007f5c00000| PB 0x00000007f5c00000| Untracked |  0
|2005|0x00000007f6000000, 0x00000007f6400000, 0x00000007f6400000|100%| O|  |TAMS 0x00000007f6000000| PB 0x00000007f6000000| Untracked |  0
|2006|0x00000007f6400000, 0x00000007f6800000, 0x00000007f6800000|100%| O|  |TAMS 0x00000007f6400000| PB 0x00000007f6400000| Untracked |  0
|2007|0x00000007f6800000, 0x00000007f6c00000, 0x00000007f6c00000|100%| O|  |TAMS 0x00000007f6800000| PB 0x00000007f6800000| Untracked |  0
|2008|0x00000007f6c00000, 0x00000007f7000000, 0x00000007f7000000|100%| O|  |TAMS 0x00000007f6c00000| PB 0x00000007f6c00000| Untracked |  0
|2009|0x00000007f7000000, 0x00000007f7400000, 0x00000007f7400000|100%| O|  |TAMS 0x00000007f7000000| PB 0x00000007f7000000| Untracked |  0
|2010|0x00000007f7400000, 0x00000007f7800000, 0x00000007f7800000|100%| O|  |TAMS 0x00000007f7400000| PB 0x00000007f7400000| Untracked |  0
|2011|0x00000007f7800000, 0x00000007f7c00000, 0x00000007f7c00000|100%| O|  |TAMS 0x00000007f7800000| PB 0x00000007f7800000| Untracked |  0
|2012|0x00000007f7c00000, 0x00000007f8000000, 0x00000007f8000000|100%| O|  |TAMS 0x00000007f7c00000| PB 0x00000007f7c00000| Untracked |  0
|2013|0x00000007f8000000, 0x00000007f8400000, 0x00000007f8400000|100%| O|  |TAMS 0x00000007f8000000| PB 0x00000007f8000000| Untracked |  0
|2014|0x00000007f8400000, 0x00000007f8800000, 0x00000007f8800000|100%| O|  |TAMS 0x00000007f8400000| PB 0x00000007f8400000| Untracked |  0
|2015|0x00000007f8800000, 0x00000007f8c00000, 0x00000007f8c00000|100%| O|  |TAMS 0x00000007f8800000| PB 0x00000007f8800000| Untracked |  0
|2016|0x00000007f8c00000, 0x00000007f9000000, 0x00000007f9000000|100%| O|  |TAMS 0x00000007f8c00000| PB 0x00000007f8c00000| Untracked |  0
|2017|0x00000007f9000000, 0x00000007f9400000, 0x00000007f9400000|100%| O|  |TAMS 0x00000007f9000000| PB 0x00000007f9000000| Untracked |  0
|2018|0x00000007f9400000, 0x00000007f9800000, 0x00000007f9800000|100%| O|  |TAMS 0x00000007f9400000| PB 0x00000007f9400000| Untracked |  0
|2019|0x00000007f9800000, 0x00000007f9c00000, 0x00000007f9c00000|100%| O|  |TAMS 0x00000007f9800000| PB 0x00000007f9800000| Untracked |  0
|2020|0x00000007f9c00000, 0x00000007fa000000, 0x00000007fa000000|100%| O|  |TAMS 0x00000007f9c00000| PB 0x00000007f9c00000| Untracked |  0
|2021|0x00000007fa000000, 0x00000007fa400000, 0x00000007fa400000|100%| O|  |TAMS 0x00000007fa000000| PB 0x00000007fa000000| Untracked |  0
|2022|0x00000007fa400000, 0x00000007fa800000, 0x00000007fa800000|100%| O|  |TAMS 0x00000007fa400000| PB 0x00000007fa400000| Untracked |  0
|2023|0x00000007fa800000, 0x00000007fac00000, 0x00000007fac00000|100%| O|  |TAMS 0x00000007fa800000| PB 0x00000007fa800000| Untracked |  0
|2024|0x00000007fac00000, 0x00000007fb000000, 0x00000007fb000000|100%| O|  |TAMS 0x00000007fac00000| PB 0x00000007fac00000| Untracked |  0
|2025|0x00000007fb000000, 0x00000007fb400000, 0x00000007fb400000|100%| O|  |TAMS 0x00000007fb000000| PB 0x00000007fb000000| Untracked |  0
|2026|0x00000007fb400000, 0x00000007fb800000, 0x00000007fb800000|100%| O|  |TAMS 0x00000007fb400000| PB 0x00000007fb400000| Untracked |  0
|2027|0x00000007fb800000, 0x00000007fbc00000, 0x00000007fbc00000|100%| O|  |TAMS 0x00000007fb800000| PB 0x00000007fb800000| Untracked |  0
|2028|0x00000007fbc00000, 0x00000007fc000000, 0x00000007fc000000|100%| O|  |TAMS 0x00000007fbc00000| PB 0x00000007fbc00000| Untracked |  0
|2029|0x00000007fc000000, 0x00000007fc400000, 0x00000007fc400000|100%| O|  |TAMS 0x00000007fc000000| PB 0x00000007fc000000| Untracked |  0
|2030|0x00000007fc400000, 0x00000007fc800000, 0x00000007fc800000|100%| O|  |TAMS 0x00000007fc400000| PB 0x00000007fc400000| Untracked |  0
|2031|0x00000007fc800000, 0x00000007fcc00000, 0x00000007fcc00000|100%| O|  |TAMS 0x00000007fc800000| PB 0x00000007fc800000| Untracked |  0
|2032|0x00000007fcc00000, 0x00000007fd000000, 0x00000007fd000000|100%| O|  |TAMS 0x00000007fcc00000| PB 0x00000007fcc00000| Untracked |  0
|2033|0x00000007fd000000, 0x00000007fd400000, 0x00000007fd400000|100%| O|  |TAMS 0x00000007fd000000| PB 0x00000007fd000000| Untracked |  0
|2034|0x00000007fd400000, 0x00000007fd800000, 0x00000007fd800000|100%| O|  |TAMS 0x00000007fd400000| PB 0x00000007fd400000| Untracked |  0
|2035|0x00000007fd800000, 0x00000007fdc00000, 0x00000007fdc00000|100%| O|  |TAMS 0x00000007fd800000| PB 0x00000007fd800000| Untracked |  0
|2036|0x00000007fdc00000, 0x00000007fe000000, 0x00000007fe000000|100%| O|  |TAMS 0x00000007fdc00000| PB 0x00000007fdc00000| Untracked |  0
|2037|0x00000007fe000000, 0x00000007fe400000, 0x00000007fe400000|100%| O|  |TAMS 0x00000007fe000000| PB 0x00000007fe000000| Untracked |  0
|2038|0x00000007fe400000, 0x00000007fe800000, 0x00000007fe800000|100%| O|  |TAMS 0x00000007fe400000| PB 0x00000007fe400000| Untracked |  0
|2039|0x00000007fe800000, 0x00000007fec00000, 0x00000007fec00000|100%| O|  |TAMS 0x00000007fe800000| PB 0x00000007fe800000| Untracked |  0
|2040|0x00000007fec00000, 0x00000007ff000000, 0x00000007ff000000|100%| O|  |TAMS 0x00000007fec00000| PB 0x00000007fec00000| Untracked |  0
|2041|0x00000007ff000000, 0x00000007ff400000, 0x00000007ff400000|100%| O|  |TAMS 0x00000007ff000000| PB 0x00000007ff000000| Untracked |  0
|2042|0x00000007ff400000, 0x00000007ff800000, 0x00000007ff800000|100%| O|Cm|TAMS 0x00000007ff400000| PB 0x00000007ff400000| Complete |  0
|2043|0x00000007ff800000, 0x00000007ffc00000, 0x00000007ffc00000|100%| O|  |TAMS 0x00000007ff800000| PB 0x00000007ff800000| Untracked |  0
|2044|0x00000007ffc00000, 0x0000000800000000, 0x0000000800000000|100%| E|CS|TAMS 0x00000007ffc00000| PB 0x00000007ffc00000| Complete |  0

Card table byte_map: [0x000001b81c470000,0x000001b81d470000] _byte_map_base: 0x000001b81946a000

Marking Bits: (CMBitMap*) 0x000001b80f83b9b0
 Bits: [0x000001b81d470000, 0x000001b825440000)

Polling page: 0x000001b80d5e0000

Metaspace:

Usage:
  Non-class:     58.62 MB used.
      Class:      8.04 MB used.
       Both:     66.66 MB used.

Virtual space:
  Non-class space:       64.00 MB reserved,      59.06 MB ( 92%) committed,  1 nodes.
      Class space:        1.00 GB reserved,       8.38 MB ( <1%) committed,  1 nodes.
             Both:        1.06 GB reserved,      67.44 MB (  6%) committed. 

Chunk freelists:
   Non-Class:  4.45 MB
       Class:  7.52 MB
        Both:  11.97 MB

MaxMetaspaceSize: unlimited
CompressedClassSpaceSize: 1.00 GB
Initial GC threshold: 21.00 MB
Current GC threshold: 110.75 MB
CDS: on
 - commit_granule_bytes: 65536.
 - commit_granule_words: 8192.
 - virtual_space_node_default_size: 8388608.
 - enlarge_chunks_in_place: 1.
UseCompressedClassPointers 1, UseCompactObjectHeaders 0
Narrow klass pointer bits 32, Max shift 3
Narrow klass base: 0x000001b829000000, Narrow klass shift: 0
Encoding Range: [0x000001b829000000 - 0x000001b929000000), (4294967296 bytes)
Klass Range:    [0x000001b829000000 - 0x000001b86a000000), (1090519040 bytes)
Klass ID Range:  [8 - 1090519033) (1090519025)


Internal statistics:

num_allocs_failed_limit: 12.
num_arena_births: 968.
num_arena_deaths: 0.
num_vsnodes_births: 2.
num_vsnodes_deaths: 0.
num_space_committed: 1079.
num_space_uncommitted: 0.
num_chunks_returned_to_freelist: 12.
num_chunks_taken_from_freelist: 3371.
num_chunk_merges: 9.
num_chunk_splits: 2473.
num_chunks_enlarged: 1992.
num_inconsistent_stats: 0.

CodeCache: size=49152Kb used=13249Kb max_used=13495Kb free=35902Kb
 bounds [0x000001b818030000, 0x000001b818d60000, 0x000001b81b030000]
 total_blobs=8705, nmethods=7971, adapters=656, full_count=0
Compilation: enabled, stopped_count=0, restarted_count=0

Compilation events (20 events):
Event: 19.678 Thread 0x000001b828264140 10373       1       jdk.jfr.internal.EventControl::getNamedControls (5 bytes)
Event: 19.678 Thread 0x000001b828e07830 10374       1       jdk.jfr.internal.PlatformEventType::isEnabled (5 bytes)
Event: 19.678 Thread 0x000001b8281a0a80 nmethod 10372 0x000001b8188fd908 code [0x000001b8188fda00, 0x000001b8188fdac8]
Event: 19.678 Thread 0x000001b8701081e0 nmethod 10371 0x000001b8188fd608 code [0x000001b8188fd700, 0x000001b8188fd7c8]
Event: 19.678 Thread 0x000001b8281a0a80 10375   !   1       jdk.jfr.internal.Control::setValue (102 bytes)
Event: 19.678 Thread 0x000001b828264140 nmethod 10373 0x000001b8188fd308 code [0x000001b8188fd400, 0x000001b8188fd4c8]
Event: 19.678 Thread 0x000001b828264140 10376       1       jdk.jfr.internal.SettingsManager$InternalSetting::getValues (35 bytes)
Event: 19.678 Thread 0x000001b828e07830 nmethod 10374 0x000001b8188fd008 code [0x000001b8188fd100, 0x000001b8188fd1c8]
Event: 19.678 Thread 0x000001b8701081e0 10377       1       jdk.jfr.internal.Control::apply (10 bytes)
Event: 19.678 Thread 0x000001b828e07830 10378       1       jdk.jfr.internal.Control::findCombine (121 bytes)
Event: 19.678 Thread 0x000001b8701081e0 nmethod 10377 0x000001b8188fcd08 code [0x000001b8188fce20, 0x000001b8188fcf30]
Event: 19.678 Thread 0x000001b828264140 nmethod 10376 0x000001b8188fc988 code [0x000001b8188fcac0, 0x000001b8188fccc8]
Event: 19.679 Thread 0x000001b828e07830 nmethod 10378 0x000001b8188fc008 code [0x000001b8188fc1c0, 0x000001b8188fc970]
Event: 19.679 Thread 0x000001b8281a0a80 nmethod 10375 0x000001b8188fb708 code [0x000001b8188fb900, 0x000001b8188fbf90]
Event: 19.681 Thread 0x000001b8281a0a80 10379       1       jdk.jfr.internal.periodic.EventTask::getEventType (5 bytes)
Event: 19.681 Thread 0x000001b8281a0a80 nmethod 10379 0x000001b8188fb408 code [0x000001b8188fb500, 0x000001b8188fb5c8]
Event: 19.681 Thread 0x000001b8281a0a80 10380       1       jdk.jfr.internal.periodic.PeriodicTask::getPeriod (5 bytes)
Event: 19.681 Thread 0x000001b8281a0a80 nmethod 10380 0x000001b8188fb108 code [0x000001b8188fb200, 0x000001b8188fb2c8]
Event: 19.702 Thread 0x000001b8281a0a80 10381   !   1       java.util.concurrent.locks.AbstractQueuedSynchronizer::acquire (448 bytes)
Event: 19.704 Thread 0x000001b8281a0a80 nmethod 10381 0x000001b8188f9e88 code [0x000001b8188fa0e0, 0x000001b8188faff8]

GC Heap History (20 events):
Event: 10.615 GC heap before
{Heap before GC invocations=25 (full 0):
 garbage-first heap   total reserved 8376320K, committed 278528K, used 241023K [0x0000000600c00000, 0x0000000800000000)
  region size 4096K, 26 young (106496K), 3 survivors (12288K)
 Metaspace       used 66677K, committed 67392K, reserved 1114112K
  class space    used 7999K, committed 8320K, reserved 1048576K
}
Event: 10.634 GC heap after
{Heap after GC invocations=26 (full 0):
 garbage-first heap   total reserved 8376320K, committed 335872K, used 161345K [0x0000000600c00000, 0x0000000800000000)
  region size 4096K, 4 young (16384K), 4 survivors (16384K)
 Metaspace       used 66677K, committed 67392K, reserved 1114112K
  class space    used 7999K, committed 8320K, reserved 1048576K
}
Event: 10.954 GC heap before
{Heap before GC invocations=26 (full 0):
 garbage-first heap   total reserved 8376320K, committed 335872K, used 284225K [0x0000000600c00000, 0x0000000800000000)
  region size 4096K, 34 young (139264K), 4 survivors (16384K)
 Metaspace       used 66677K, committed 67392K, reserved 1114112K
  class space    used 7999K, committed 8320K, reserved 1048576K
}
Event: 10.971 GC heap after
{Heap after GC invocations=27 (full 0):
 garbage-first heap   total reserved 8376320K, committed 335872K, used 177104K [0x0000000600c00000, 0x0000000800000000)
  region size 4096K, 4 young (16384K), 4 survivors (16384K)
 Metaspace       used 66677K, committed 67392K, reserved 1114112K
  class space    used 7999K, committed 8320K, reserved 1048576K
}
Event: 11.232 GC heap before
{Heap before GC invocations=27 (full 0):
 garbage-first heap   total reserved 8376320K, committed 335872K, used 279504K [0x0000000600c00000, 0x0000000800000000)
  region size 4096K, 30 young (122880K), 4 survivors (16384K)
 Metaspace       used 66678K, committed 67392K, reserved 1114112K
  class space    used 8000K, committed 8320K, reserved 1048576K
}
Event: 11.248 GC heap after
{Heap after GC invocations=28 (full 0):
 garbage-first heap   total reserved 8376320K, committed 335872K, used 186186K [0x0000000600c00000, 0x0000000800000000)
  region size 4096K, 3 young (12288K), 3 survivors (12288K)
 Metaspace       used 66678K, committed 67392K, reserved 1114112K
  class space    used 8000K, committed 8320K, reserved 1048576K
}
Event: 11.600 GC heap before
{Heap before GC invocations=29 (full 0):
 garbage-first heap   total reserved 8376320K, committed 335872K, used 300874K [0x0000000600c00000, 0x0000000800000000)
  region size 4096K, 30 young (122880K), 3 survivors (12288K)
 Metaspace       used 66682K, committed 67392K, reserved 1114112K
  class space    used 8001K, committed 8320K, reserved 1048576K
}
Event: 11.623 GC heap after
{Heap after GC invocations=30 (full 0):
 garbage-first heap   total reserved 8376320K, committed 339968K, used 215858K [0x0000000600c00000, 0x0000000800000000)
  region size 4096K, 4 young (16384K), 4 survivors (16384K)
 Metaspace       used 66682K, committed 67392K, reserved 1114112K
  class space    used 8001K, committed 8320K, reserved 1048576K
}
Event: 11.834 GC heap before
{Heap before GC invocations=30 (full 0):
 garbage-first heap   total reserved 8376320K, committed 339968K, used 301874K [0x0000000600c00000, 0x0000000800000000)
  region size 4096K, 25 young (102400K), 4 survivors (16384K)
 Metaspace       used 66684K, committed 67392K, reserved 1114112K
  class space    used 8002K, committed 8320K, reserved 1048576K
}
Event: 11.848 GC heap after
{Heap after GC invocations=31 (full 0):
 garbage-first heap   total reserved 8376320K, committed 339968K, used 217192K [0x0000000600c00000, 0x0000000800000000)
  region size 4096K, 2 young (8192K), 2 survivors (8192K)
 Metaspace       used 66684K, committed 67392K, reserved 1114112K
  class space    used 8002K, committed 8320K, reserved 1048576K
}
Event: 12.097 GC heap before
{Heap before GC invocations=31 (full 0):
 garbage-first heap   total reserved 8376320K, committed 339968K, used 249960K [0x0000000600c00000, 0x0000000800000000)
  region size 4096K, 11 young (45056K), 2 survivors (8192K)
 Metaspace       used 66751K, committed 67456K, reserved 1114112K
  class space    used 8017K, committed 8320K, reserved 1048576K
}
Event: 12.103 GC heap after
{Heap after GC invocations=32 (full 0):
 garbage-first heap   total reserved 8376320K, committed 569344K, used 218772K [0x0000000600c00000, 0x0000000800000000)
  region size 4096K, 2 young (8192K), 2 survivors (8192K)
 Metaspace       used 66751K, committed 67456K, reserved 1114112K
  class space    used 8017K, committed 8320K, reserved 1048576K
}
Event: 12.785 GC heap before
{Heap before GC invocations=32 (full 0):
 garbage-first heap   total reserved 8376320K, committed 569344K, used 517780K [0x0000000600c00000, 0x0000000800000000)
  region size 4096K, 59 young (241664K), 2 survivors (8192K)
 Metaspace       used 66797K, committed 67520K, reserved 1114112K
  class space    used 8025K, committed 8320K, reserved 1048576K
}
Event: 12.849 GC heap after
{Heap after GC invocations=33 (full 0):
 garbage-first heap   total reserved 8376320K, committed 733184K, used 488840K [0x0000000600c00000, 0x0000000800000000)
  region size 4096K, 8 young (32768K), 8 survivors (32768K)
 Metaspace       used 66797K, committed 67520K, reserved 1114112K
  class space    used 8025K, committed 8320K, reserved 1048576K
}
Event: 14.020 GC heap before
{Heap before GC invocations=33 (full 0):
 garbage-first heap   total reserved 8376320K, committed 733184K, used 603528K [0x0000000600c00000, 0x0000000800000000)
  region size 4096K, 36 young (147456K), 8 survivors (32768K)
 Metaspace       used 67274K, committed 68032K, reserved 1114112K
  class space    used 8103K, committed 8448K, reserved 1048576K
}
Event: 14.035 GC heap after
{Heap after GC invocations=34 (full 0):
 garbage-first heap   total reserved 8376320K, committed 733184K, used 517691K [0x0000000600c00000, 0x0000000800000000)
  region size 4096K, 4 young (16384K), 4 survivors (16384K)
 Metaspace       used 67274K, committed 68032K, reserved 1114112K
  class space    used 8103K, committed 8448K, reserved 1048576K
}
Event: 15.391 GC heap before
{Heap before GC invocations=35 (full 0):
 garbage-first heap   total reserved 8376320K, committed 860160K, used 624187K [0x0000000600c00000, 0x0000000800000000)
  region size 4096K, 31 young (126976K), 4 survivors (16384K)
 Metaspace       used 67280K, committed 68032K, reserved 1114112K
  class space    used 8105K, committed 8448K, reserved 1048576K
}
Event: 15.396 GC heap after
{Heap after GC invocations=36 (full 0):
 garbage-first heap   total reserved 8376320K, committed 860160K, used 518641K [0x0000000600c00000, 0x0000000800000000)
  region size 4096K, 1 young (4096K), 1 survivors (4096K)
 Metaspace       used 67280K, committed 68032K, reserved 1114112K
  class space    used 8105K, committed 8448K, reserved 1048576K
}
Event: 17.561 GC heap before
{Heap before GC invocations=36 (full 0):
 garbage-first heap   total reserved 8376320K, committed 860160K, used 702961K [0x0000000600c00000, 0x0000000800000000)
  region size 4096K, 46 young (188416K), 1 survivors (4096K)
 Metaspace       used 67284K, committed 68032K, reserved 1114112K
  class space    used 8106K, committed 8448K, reserved 1048576K
}
Event: 17.565 GC heap after
{Heap after GC invocations=37 (full 0):
 garbage-first heap   total reserved 8376320K, committed 860160K, used 437104K [0x0000000600c00000, 0x0000000800000000)
  region size 4096K, 1 young (4096K), 1 survivors (4096K)
 Metaspace       used 67284K, committed 68032K, reserved 1114112K
  class space    used 8106K, committed 8448K, reserved 1048576K
}

Dll operation events (13 events):
Event: 0.009 Loaded shared library C:\Users\nicos\.jdks\openjdk-24.0.1\bin\java.dll
Event: 0.098 Loaded shared library C:\Users\nicos\.jdks\openjdk-24.0.1\bin\zip.dll
Event: 0.100 Loaded shared library C:\Users\nicos\.jdks\openjdk-24.0.1\bin\instrument.dll
Event: 0.103 Loaded shared library C:\Users\nicos\.jdks\openjdk-24.0.1\bin\net.dll
Event: 0.105 Loaded shared library C:\Users\nicos\.jdks\openjdk-24.0.1\bin\nio.dll
Event: 0.107 Loaded shared library C:\Users\nicos\.jdks\openjdk-24.0.1\bin\zip.dll
Event: 0.139 Loaded shared library C:\Users\nicos\.jdks\openjdk-24.0.1\bin\jimage.dll
Event: 0.165 Loaded shared library C:\Program Files\JetBrains\IntelliJ IDEA 2024.2\bin\breakgen64.dll
Event: 0.171 Loaded shared library C:\Users\nicos\.jdks\openjdk-24.0.1\bin\extnet.dll
Event: 0.178 Loaded shared library C:\Users\nicos\.jdks\openjdk-24.0.1\bin\management.dll
Event: 0.184 Loaded shared library C:\Users\nicos\.jdks\openjdk-24.0.1\bin\management_ext.dll
Event: 1.962 Loaded shared library C:\Users\nicos\.jdks\openjdk-24.0.1\bin\verify.dll
Event: 19.546 Loaded shared library C:\Users\nicos\AppData\Local\Temp\idea_libasyncProfiler_dll_temp_folder\libasyncProfiler.dll

Deoptimization events (6 events):
Event: 1.664 Thread 0x000001b86e7fb9c0 DEOPT PACKING pc=0x000001b81874d194 sp=0x00000095feefbbc0
Event: 1.664 Thread 0x000001b86e7fb9c0 DEOPT UNPACKING pc=0x000001b818085722 sp=0x00000095feefb168 mode 0
Event: 1.664 Thread 0x000001b86e7fb9c0 DEOPT PACKING pc=0x000001b8186ed64c sp=0x00000095feefbdc0
Event: 1.664 Thread 0x000001b86e7fb9c0 DEOPT UNPACKING pc=0x000001b818085722 sp=0x00000095feefb280 mode 0
Event: 10.482 Thread 0x000001b86e7fb9c0 DEOPT PACKING pc=0x000001b818b7f8fc sp=0x00000095feefce20
Event: 10.482 Thread 0x000001b86e7fb9c0 DEOPT UNPACKING pc=0x000001b818085722 sp=0x00000095feefc410 mode 0

Classes loaded (20 events):
Event: 19.658 Loading class jdk/jfr/internal/MetadataWriter
Event: 19.658 Loading class jdk/jfr/internal/MetadataWriter done
Event: 19.658 Loading class jdk/jfr/internal/MetadataDescriptor$Element
Event: 19.658 Loading class jdk/jfr/internal/MetadataDescriptor$Element done
Event: 19.658 Loading class jdk/jfr/internal/MetadataDescriptor$Attribute
Event: 19.658 Loading class jdk/jfr/internal/MetadataDescriptor$Attribute done
Event: 19.664 Loading class jdk/jfr/internal/consumer/StringParser$Encoding
Event: 19.664 Loading class jdk/jfr/internal/consumer/StringParser$Encoding done
Event: 19.669 Loading class jdk/jfr/internal/consumer/RepositoryFiles
Event: 19.670 Loading class jdk/jfr/internal/consumer/RepositoryFiles done
Event: 19.676 Loading class jdk/jfr/internal/SettingsManager$InternalSetting
Event: 19.676 Loading class jdk/jfr/internal/SettingsManager$InternalSetting done
Event: 19.677 Loading class jdk/jfr/internal/util/Rate
Event: 19.677 Loading class jdk/jfr/internal/util/Rate done
Event: 19.677 Loading class jdk/jfr/internal/util/TimespanUnit
Event: 19.677 Loading class jdk/jfr/internal/util/TimespanUnit done
Event: 19.677 Loading class jdk/jfr/internal/util/ValueParser
Event: 19.677 Loading class jdk/jfr/internal/util/ValueParser done
Event: 19.679 Loading class jdk/jfr/internal/periodic/PeriodicType
Event: 19.679 Loading class jdk/jfr/internal/periodic/PeriodicType done

Classes unloaded (0 events):
No events

Classes redefined (0 events):
No events

Internal exceptions (20 events):
Event: 3.819 Thread 0x000001b86e7fb9c0 Exception <a 'java/lang/NoSuchMethodError'{0x0000000603e4aa68}: 'java.lang.Object java.lang.invoke.DirectMethodHandle$Holder.invokeInterface(java.lang.Object, java.lang.Object, java.lang.Object, java.lang.Object)'> (0x0000000603e4aa68) 
thrown [s\open\src\hotspot\share\interpreter\linkResolver.cpp, line 805]
Event: 3.824 Thread 0x000001b86e7fb9c0 Exception <a 'java/lang/IncompatibleClassChangeError'{0x0000000603ee3aa8}: Found class java.lang.Object, but interface was expected> (0x0000000603ee3aa8) 
thrown [s\open\src\hotspot\share\interpreter\linkResolver.cpp, line 872]
Event: 3.893 Thread 0x000001b86e7fb9c0 Exception <a 'java/lang/NoSuchMethodError'{0x00000007ffc15ee0}: 'int java.lang.invoke.DirectMethodHandle$Holder.invokeStatic(java.lang.Object, java.lang.Object, int, int)'> (0x00000007ffc15ee0) 
thrown [s\open\src\hotspot\share\interpreter\linkResolver.cpp, line 805]
Event: 3.909 Thread 0x000001b86e7fb9c0 Exception <a 'java/lang/IncompatibleClassChangeError'{0x00000007ffd58320}: Found class java.lang.Object, but interface was expected> (0x00000007ffd58320) 
thrown [s\open\src\hotspot\share\interpreter\linkResolver.cpp, line 872]
Event: 3.909 Thread 0x000001b86e7fb9c0 Exception <a 'java/lang/NoSuchMethodError'{0x00000007ffd6b4f8}: 'void java.lang.invoke.DirectMethodHandle$Holder.invokeStatic(java.lang.Object, int, java.lang.Object)'> (0x00000007ffd6b4f8) 
thrown [s\open\src\hotspot\share\interpreter\linkResolver.cpp, line 805]
Event: 3.921 Thread 0x000001b86e7fb9c0 Exception <a 'java/lang/NoSuchMethodError'{0x00000007ffe18b20}: 'int java.lang.invoke.DirectMethodHandle$Holder.invokeStaticInit(java.lang.Object, int, java.lang.Object, java.lang.Object, java.lang.Object, java.lang.Object)'> (0x00000007ffe18b20) 
thrown [s\open\src\hotspot\share\interpreter\linkResolver.cpp, line 805]
Event: 4.041 Thread 0x000001b86e7fb9c0 Exception <a 'java/lang/NoSuchMethodError'{0x000000061c7864e0}: 'int java.lang.invoke.DirectMethodHandle$Holder.invokeInterface(java.lang.Object, java.lang.Object, java.lang.Object, java.lang.Object)'> (0x000000061c7864e0) 
thrown [s\open\src\hotspot\share\interpreter\linkResolver.cpp, line 805]
Event: 4.048 Thread 0x000001b86e7fb9c0 Exception <a 'java/lang/NoSuchMethodError'{0x000000061c7f9860}: 'java.lang.Object java.lang.invoke.DirectMethodHandle$Holder.newInvokeSpecial(java.lang.Object, java.lang.Object, int, java.lang.Object, java.lang.Object)'> (0x000000061c7f9860) 
thrown [s\open\src\hotspot\share\interpreter\linkResolver.cpp, line 805]
Event: 4.367 Thread 0x000001b86e7fb9c0 Exception <a 'java/lang/IncompatibleClassChangeError'{0x000000060cda2b68}: Found class java.lang.Object, but interface was expected> (0x000000060cda2b68) 
thrown [s\open\src\hotspot\share\interpreter\linkResolver.cpp, line 872]
Event: 10.477 Thread 0x000001b86e7fb9c0 Exception <a 'java/lang/NoSuchMethodError'{0x000000060ee6e838}: 'void java.lang.invoke.DirectMethodHandle$Holder.invokeSpecial(java.lang.Object, java.lang.Object, java.lang.Object, int, java.lang.Object, java.lang.Object, java.lang.Object)'> (0x000000060ee6e838) 
thrown [s\open\src\hotspot\share\interpreter\linkResolver.cpp, line 805]
Event: 12.862 Thread 0x000001b86e7fb9c0 Exception <a 'java/lang/NoSuchMethodError'{0x00000007ffe0d9a8}: 'java.lang.Object java.lang.invoke.DirectMethodHandle$Holder.invokeSpecialIFC(java.lang.Object, java.lang.Object, java.lang.Object, int)'> (0x00000007ffe0d9a8) 
thrown [s\open\src\hotspot\share\interpreter\linkResolver.cpp, line 805]
Event: 12.862 Thread 0x000001b86e7fb9c0 Exception <a 'java/lang/NoSuchMethodError'{0x00000007ffe16348}: 'java.lang.Object java.lang.invoke.Invokers$Holder.invoker(java.lang.Object, java.lang.Object, java.lang.Object, java.lang.Object)'> (0x00000007ffe16348) 
thrown [s\open\src\hotspot\share\interpreter\linkResolver.cpp, line 805]
Event: 12.867 Thread 0x000001b86e7fb9c0 Exception <a 'java/lang/NoSuchMethodError'{0x00000007ffe866c8}: 'int java.lang.invoke.Invokers$Holder.invokeExact_MT(java.lang.Object, java.lang.Object, java.lang.Object)'> (0x00000007ffe866c8) 
thrown [s\open\src\hotspot\share\interpreter\linkResolver.cpp, line 805]
Event: 12.871 Thread 0x000001b86e7fb9c0 Exception <a 'java/lang/NoSuchMethodError'{0x00000007ffeebee8}: 'void java.lang.invoke.DirectMethodHandle$Holder.invokeSpecialIFC(java.lang.Object, java.lang.Object, int, java.lang.Object, java.lang.Object, java.lang.Object, java.lang.Object)'> (0x00000007ffeebee8) 
thrown [s\open\src\hotspot\share\interpreter\linkResolver.cpp, line 805]
Event: 12.963 Thread 0x000001b86e7fb9c0 Exception <a 'java/lang/NoSuchMethodError'{0x00000006213a7870}: 'void java.lang.invoke.Invokers$Holder.invokeExact_MT(java.lang.Object, java.lang.Object, int, java.lang.Object)'> (0x00000006213a7870) 
thrown [s\open\src\hotspot\share\interpreter\linkResolver.cpp, line 805]
Event: 19.647 Thread 0x000001b82818a0f0 Exception <a 'java/lang/NoSuchMethodError'{0x000000061fc31130}: 'void java.lang.invoke.DirectMethodHandle$Holder.invokeSpecial(java.lang.Object, java.lang.Object, int)'> (0x000000061fc31130) 
thrown [s\open\src\hotspot\share\interpreter\linkResolver.cpp, line 805]
Event: 19.647 Thread 0x000001b82818a0f0 Exception <a 'java/lang/NoSuchMethodError'{0x000000061fc38d50}: 'void java.lang.invoke.Invokers$Holder.invokeExact_MT(java.lang.Object, int, java.lang.Object)'> (0x000000061fc38d50) 
thrown [s\open\src\hotspot\share\interpreter\linkResolver.cpp, line 805]
Event: 19.651 Thread 0x000001b82818a0f0 Exception <a 'sun/nio/fs/WindowsException'{0x000000061fc85d20}> (0x000000061fc85d20) 
thrown [s\open\src\hotspot\share\prims\jni.cpp, line 518]
Event: 19.653 Thread 0x000001b82818a0f0 Exception <a 'sun/nio/fs/WindowsException'{0x000000061fc92a90}> (0x000000061fc92a90) 
thrown [s\open\src\hotspot\share\prims\jni.cpp, line 518]
Event: 19.656 Thread 0x000001b82818a0f0 Exception <a 'sun/nio/fs/WindowsException'{0x000000061fca4750}> (0x000000061fca4750) 
thrown [s\open\src\hotspot\share\prims\jni.cpp, line 518]

VM Operations (20 events):
Event: 12.097 Executing VM operation: G1TryInitiateConcMark (G1 Humongous Allocation)
Event: 12.103 Executing VM operation: G1TryInitiateConcMark (G1 Humongous Allocation) done
Event: 12.785 Executing VM operation: G1CollectForAllocation (G1 Evacuation Pause)
Event: 12.849 Executing VM operation: G1CollectForAllocation (G1 Evacuation Pause) done
Event: 12.964 Executing VM operation: HandshakeAllThreads (Deoptimize)
Event: 12.964 Executing VM operation: HandshakeAllThreads (Deoptimize) done
Event: 12.974 Executing VM operation: HandshakeAllThreads (Deoptimize)
Event: 12.974 Executing VM operation: HandshakeAllThreads (Deoptimize) done
Event: 14.020 Executing VM operation: G1CollectForAllocation (G1 Evacuation Pause)
Event: 14.035 Executing VM operation: G1CollectForAllocation (G1 Evacuation Pause) done
Event: 14.158 Executing VM operation: G1PauseRemark
Event: 14.163 Executing VM operation: G1PauseRemark done
Event: 14.203 Executing VM operation: G1PauseCleanup
Event: 14.203 Executing VM operation: G1PauseCleanup done
Event: 15.391 Executing VM operation: G1CollectForAllocation (G1 Evacuation Pause)
Event: 15.396 Executing VM operation: G1CollectForAllocation (G1 Evacuation Pause) done
Event: 17.561 Executing VM operation: G1CollectForAllocation (G1 Evacuation Pause)
Event: 17.565 Executing VM operation: G1CollectForAllocation (G1 Evacuation Pause) done
Event: 19.670 Executing VM operation: JFRSafepointClear
Event: 19.670 Executing VM operation: JFRSafepointClear done

Memory protections (0 events):
No events

Nmethod flushes (20 events):
Event: 14.162 Thread 0x000001b8256c3140 flushing  nmethod 0x000001b8188d8a88
Event: 14.162 Thread 0x000001b8256c3140 flushing  nmethod 0x000001b8188d8d88
Event: 14.162 Thread 0x000001b8256c3140 flushing  nmethod 0x000001b8188d9288
Event: 14.162 Thread 0x000001b8256c3140 flushing  nmethod 0x000001b8188d9588
Event: 14.162 Thread 0x000001b8256c3140 flushing  nmethod 0x000001b8188d9888
Event: 14.162 Thread 0x000001b8256c3140 flushing  nmethod 0x000001b8188d9b88
Event: 14.162 Thread 0x000001b8256c3140 flushing  nmethod 0x000001b8188d9e88
Event: 14.162 Thread 0x000001b8256c3140 flushing  nmethod 0x000001b818905d88
Event: 14.162 Thread 0x000001b8256c3140 flushing  nmethod 0x000001b818906088
Event: 14.162 Thread 0x000001b8256c3140 flushing  nmethod 0x000001b818908c08
Event: 14.162 Thread 0x000001b8256c3140 flushing  nmethod 0x000001b818908f08
Event: 14.162 Thread 0x000001b8256c3140 flushing  nmethod 0x000001b818909208
Event: 14.162 Thread 0x000001b8256c3140 flushing  nmethod 0x000001b818909508
Event: 14.162 Thread 0x000001b8256c3140 flushing  nmethod 0x000001b81890b908
Event: 14.162 Thread 0x000001b8256c3140 flushing  nmethod 0x000001b818938a08
Event: 14.162 Thread 0x000001b8256c3140 flushing  nmethod 0x000001b81893a688
Event: 14.162 Thread 0x000001b8256c3140 flushing  nmethod 0x000001b81893b708
Event: 14.162 Thread 0x000001b8256c3140 flushing  nmethod 0x000001b8189da588
Event: 14.162 Thread 0x000001b8256c3140 flushing  nmethod 0x000001b8189dc688
Event: 14.162 Thread 0x000001b8256c3140 flushing  nmethod 0x000001b818b7ec88

Events (20 events):
Event: 16.500 Thread 0x000001b86f9904f0 Thread added: 0x000001b86f993820
Event: 16.502 Thread 0x000001b86f993820 Thread exited: 0x000001b86f993820
Event: 16.742 Thread 0x000001b86fe069d0 Thread exited: 0x000001b86fe069d0
Event: 16.742 Thread 0x000001b8286f7920 Thread exited: 0x000001b8286f7920
Event: 17.011 Thread 0x000001b86f9904f0 Thread added: 0x000001b86f98e060
Event: 17.012 Thread 0x000001b86f98e060 Thread exited: 0x000001b86f98e060
Event: 17.527 Thread 0x000001b86f9904f0 Thread added: 0x000001b86f990c40
Event: 17.528 Thread 0x000001b86f990c40 Thread exited: 0x000001b86f990c40
Event: 17.573 Thread 0x000001b8281a0a80 Thread added: 0x000001b8701081e0
Event: 17.573 Thread 0x000001b8281a0a80 Thread added: 0x000001b828e07830
Event: 18.031 Thread 0x000001b86f9904f0 Thread added: 0x000001b86f98f650
Event: 18.033 Thread 0x000001b86f98f650 Thread exited: 0x000001b86f98f650
Event: 18.542 Thread 0x000001b86f9904f0 Thread added: 0x000001b86f9930d0
Event: 18.544 Thread 0x000001b86f9930d0 Thread exited: 0x000001b86f9930d0
Event: 19.057 Thread 0x000001b828d47310 Thread added: 0x000001b86f993820
Event: 19.059 Thread 0x000001b86f993820 Thread exited: 0x000001b86f993820
Event: 19.573 Thread 0x000001b86f9904f0 Thread added: 0x000001b86f9930d0
Event: 19.575 Thread 0x000001b86f9930d0 Thread exited: 0x000001b86f9930d0
Event: 19.595 Thread 0x000001b82818a0f0 Thread added: 0x000001b86f9930d0
Event: 19.648 Thread 0x000001b82818a0f0 Thread added: 0x000001b86f993820


Dynamic libraries:
0x00007ff7a9110000 - 0x00007ff7a911e000 	C:\Users\nicos\.jdks\openjdk-24.0.1\bin\java.exe
0x00007ffbdd3b0000 - 0x00007ffbdd5a8000 	C:\WINDOWS\SYSTEM32\ntdll.dll
0x00007ffbdc4f0000 - 0x00007ffbdc5b2000 	C:\WINDOWS\System32\KERNEL32.DLL
0x00007ffbdaa50000 - 0x00007ffbdad46000 	C:\WINDOWS\System32\KERNELBASE.dll
0x00007ffbdafa0000 - 0x00007ffbdb0a0000 	C:\WINDOWS\System32\ucrtbase.dll
0x00007ffbb1740000 - 0x00007ffbb1756000 	C:\Users\nicos\.jdks\openjdk-24.0.1\bin\jli.dll
0x00007ffbaf6b0000 - 0x00007ffbaf6cb000 	C:\Users\nicos\.jdks\openjdk-24.0.1\bin\VCRUNTIME140.dll
0x00007ffbdb690000 - 0x00007ffbdb82d000 	C:\WINDOWS\System32\USER32.dll
0x00007ffbdb1c0000 - 0x00007ffbdb1e2000 	C:\WINDOWS\System32\win32u.dll
0x00007ffbc1d70000 - 0x00007ffbc200b000 	C:\WINDOWS\WinSxS\amd64_microsoft.windows.common-controls_6595b64144ccf1df_6.0.19041.6280_none_60bc30a171f2f3f3\COMCTL32.dll
0x00007ffbdbe30000 - 0x00007ffbdbe5b000 	C:\WINDOWS\System32\GDI32.dll
0x00007ffbdb3e0000 - 0x00007ffbdb47e000 	C:\WINDOWS\System32\msvcrt.dll
0x00007ffbdb0a0000 - 0x00007ffbdb1b9000 	C:\WINDOWS\System32\gdi32full.dll
0x00007ffbdaf00000 - 0x00007ffbdaf9d000 	C:\WINDOWS\System32\msvcp_win.dll
0x00007ffbdbf30000 - 0x00007ffbdbf5f000 	C:\WINDOWS\System32\IMM32.DLL
0x00007ffbbde50000 - 0x00007ffbbde5c000 	C:\Users\nicos\.jdks\openjdk-24.0.1\bin\vcruntime140_1.dll
0x00007ffb248d0000 - 0x00007ffb2495e000 	C:\Users\nicos\.jdks\openjdk-24.0.1\bin\msvcp140.dll
0x00007ffaf3a10000 - 0x00007ffaf47b2000 	C:\Users\nicos\.jdks\openjdk-24.0.1\bin\server\jvm.dll
0x00007ffbdb480000 - 0x00007ffbdb531000 	C:\WINDOWS\System32\ADVAPI32.dll
0x00007ffbdb540000 - 0x00007ffbdb5df000 	C:\WINDOWS\System32\sechost.dll
0x00007ffbdc5c0000 - 0x00007ffbdc6e0000 	C:\WINDOWS\System32\RPCRT4.dll
0x00007ffbdae20000 - 0x00007ffbdae47000 	C:\WINDOWS\System32\bcrypt.dll
0x00007ffbdb960000 - 0x00007ffbdb9cb000 	C:\WINDOWS\System32\WS2_32.dll
0x00007ffbd9f90000 - 0x00007ffbd9fdb000 	C:\WINDOWS\SYSTEM32\POWRPROF.dll
0x00007ffbd28c0000 - 0x00007ffbd28ca000 	C:\WINDOWS\SYSTEM32\VERSION.dll
0x00007ffbc9b00000 - 0x00007ffbc9b27000 	C:\WINDOWS\SYSTEM32\WINMM.dll
0x00007ffbd9e50000 - 0x00007ffbd9e62000 	C:\WINDOWS\SYSTEM32\UMPDC.dll
0x00007ffbd8ad0000 - 0x00007ffbd8ae2000 	C:\WINDOWS\SYSTEM32\kernel.appcore.dll
0x00007ffbb1400000 - 0x00007ffbb140a000 	C:\Users\nicos\.jdks\openjdk-24.0.1\bin\jimage.dll
0x00007ffbd8720000 - 0x00007ffbd8921000 	C:\WINDOWS\SYSTEM32\DBGHELP.DLL
0x00007ffbb51c0000 - 0x00007ffbb51f4000 	C:\WINDOWS\SYSTEM32\dbgcore.DLL
0x00007ffbdb350000 - 0x00007ffbdb3d2000 	C:\WINDOWS\System32\bcryptPrimitives.dll
0x00007ffbaf460000 - 0x00007ffbaf46f000 	C:\Users\nicos\.jdks\openjdk-24.0.1\bin\instrument.dll
0x00007ffbaa980000 - 0x00007ffbaa99e000 	C:\Users\nicos\.jdks\openjdk-24.0.1\bin\java.dll
0x00007ffbdbd00000 - 0x00007ffbdbe2b000 	C:\WINDOWS\System32\ole32.dll
0x00007ffbdcf30000 - 0x00007ffbdd283000 	C:\WINDOWS\System32\combase.dll
0x00007ffbdc7a0000 - 0x00007ffbdcf10000 	C:\WINDOWS\System32\SHELL32.dll
0x00007ffbd8af0000 - 0x00007ffbd9295000 	C:\WINDOWS\SYSTEM32\windows.storage.dll
0x00007ffbda480000 - 0x00007ffbda4ab000 	C:\WINDOWS\SYSTEM32\Wldp.dll
0x00007ffbdbba0000 - 0x00007ffbdbc6d000 	C:\WINDOWS\System32\OLEAUT32.dll
0x00007ffbdb5e0000 - 0x00007ffbdb68d000 	C:\WINDOWS\System32\SHCORE.dll
0x00007ffbdc740000 - 0x00007ffbdc79b000 	C:\WINDOWS\System32\shlwapi.dll
0x00007ffbda980000 - 0x00007ffbda9a4000 	C:\WINDOWS\SYSTEM32\profapi.dll
0x00007ffb80f00000 - 0x00007ffb80f17000 	C:\Users\nicos\.jdks\openjdk-24.0.1\bin\zip.dll
0x00007ffbaf3c0000 - 0x00007ffbaf3d0000 	C:\Users\nicos\.jdks\openjdk-24.0.1\bin\net.dll
0x00007ffbda1e0000 - 0x00007ffbda24a000 	C:\WINDOWS\system32\mswsock.dll
0x00007ffb80ee0000 - 0x00007ffb80ef6000 	C:\Users\nicos\.jdks\openjdk-24.0.1\bin\nio.dll
0x00007ffbd9eb0000 - 0x00007ffbd9f7a000 	C:\WINDOWS\SYSTEM32\DNSAPI.dll
0x00007ffbd9e70000 - 0x00007ffbd9eab000 	C:\WINDOWS\SYSTEM32\IPHLPAPI.DLL
0x00007ffbdbf20000 - 0x00007ffbdbf28000 	C:\WINDOWS\System32\NSI.dll
0x000000006ab90000 - 0x000000006abb6000 	C:\Program Files\Bonjour\mdnsNSP.dll
0x00007ffb80ec0000 - 0x00007ffb80eda000 	C:\Program Files\JetBrains\IntelliJ IDEA 2024.2\bin\breakgen64.dll
0x00007ffbd4360000 - 0x00007ffbd436a000 	C:\Windows\System32\rasadhlp.dll
0x00007ffbd2730000 - 0x00007ffbd27b0000 	C:\WINDOWS\System32\fwpuclnt.dll
0x00007ffbaea80000 - 0x00007ffbaea89000 	C:\Users\nicos\.jdks\openjdk-24.0.1\bin\extnet.dll
0x00007ffba76f0000 - 0x00007ffba76fa000 	C:\Users\nicos\.jdks\openjdk-24.0.1\bin\management.dll
0x00007ffba68e0000 - 0x00007ffba68eb000 	C:\Users\nicos\.jdks\openjdk-24.0.1\bin\management_ext.dll
0x00007ffbdbb80000 - 0x00007ffbdbb88000 	C:\WINDOWS\System32\PSAPI.DLL
0x00007ffbda3e0000 - 0x00007ffbda3f8000 	C:\WINDOWS\SYSTEM32\CRYPTSP.dll
0x00007ffbd9a90000 - 0x00007ffbd9ac8000 	C:\WINDOWS\system32\rsaenh.dll
0x00007ffbda900000 - 0x00007ffbda92e000 	C:\WINDOWS\SYSTEM32\USERENV.dll
0x00007ffbda3d0000 - 0x00007ffbda3dc000 	C:\WINDOWS\SYSTEM32\CRYPTBASE.dll
0x00007ffbb4ec0000 - 0x00007ffbb4ed7000 	C:\WINDOWS\system32\napinsp.dll
0x00007ffbb4700000 - 0x00007ffbb471b000 	C:\WINDOWS\system32\pnrpnsp.dll
0x00007ffbd64f0000 - 0x00007ffbd650d000 	C:\WINDOWS\system32\wshbth.dll
0x00007ffbd5120000 - 0x00007ffbd513d000 	C:\WINDOWS\system32\NLAapi.dll
0x00007ffbb3df0000 - 0x00007ffbb3e02000 	C:\WINDOWS\System32\winrnr.dll
0x00007ffbbf070000 - 0x00007ffbbf0c1000 	C:\WINDOWS\SYSTEM32\pdh.dll
0x00007ffbd5530000 - 0x00007ffbd553f000 	C:\WINDOWS\System32\perfproc.dll
0x00007ffbb4d40000 - 0x00007ffbb4d4f000 	C:\WINDOWS\System32\perfos.dll
0x00007ffb7bb50000 - 0x00007ffb7bb60000 	C:\Users\nicos\.jdks\openjdk-24.0.1\bin\verify.dll
0x00007ffb1f640000 - 0x00007ffb1f839000 	C:\Users\nicos\AppData\Local\Temp\idea_libasyncProfiler_dll_temp_folder\libasyncProfiler.dll

JVMTI agents:
C:\Program Files\JetBrains\IntelliJ IDEA 2024.2\lib\idea_rt.jar path:C:\Users\nicos\.jdks\openjdk-24.0.1\bin\instrument.dll, loaded, initialized, instrumentlib options:52147:C:\Program Files\JetBrains\IntelliJ IDEA 2024.2\bin

dbghelp: loaded successfully - version: 4.0.5 - missing functions: none
symbol engine: initialized successfully - sym options: 0x614 - pdb path: .;C:\Users\nicos\.jdks\openjdk-24.0.1\bin;C:\WINDOWS\SYSTEM32;C:\WINDOWS\WinSxS\amd64_microsoft.windows.common-controls_6595b64144ccf1df_6.0.19041.6280_none_60bc30a171f2f3f3;C:\Users\nicos\.jdks\openjdk-24.0.1\bin\server;C:\Program Files\Bonjour;C:\Program Files\JetBrains\IntelliJ IDEA 2024.2\bin;C:\Users\nicos\AppData\Local\Temp\idea_libasyncProfiler_dll_temp_folder

VM Arguments:
jvm_args: -XX:TieredStopAtLevel=1 -Dspring.output.ansi.enabled=always -Dcom.sun.management.jmxremote -Dspring.jmx.enabled=true -Dspring.liveBeansView.mbeanDomain -Dspring.application.admin.enabled=true -Dmanagement.endpoints.jmx.exposure.include=* -javaagent:C:\Program Files\JetBrains\IntelliJ IDEA 2024.2\lib\idea_rt.jar=52147:C:\Program Files\JetBrains\IntelliJ IDEA 2024.2\bin -Dfile.encoding=UTF-8 -Dsun.stdout.encoding=UTF-8 -Dsun.stderr.encoding=UTF-8 
java_command: com.zerohero.gtnh_recipe_planner.app.JsonImporterApp
java_class_path (initial): A:\Programming\Minecraft\GTNH_Recipe_Planner\target\classes;C:\Users\nicos\.m2\repository\org\springframework\boot\spring-boot-starter-jdbc\3.5.6\spring-boot-starter-jdbc-3.5.6.jar;C:\Users\nicos\.m2\repository\org\springframework\boot\spring-boot-starter\3.5.6\spring-boot-starter-3.5.6.jar;C:\Users\nicos\.m2\repository\org\springframework\boot\spring-boot-starter-logging\3.5.6\spring-boot-starter-logging-3.5.6.jar;C:\Users\nicos\.m2\repository\ch\qos\logback\logback-classic\1.5.18\logback-classic-1.5.18.jar;C:\Users\nicos\.m2\repository\ch\qos\logback\logback-core\1.5.18\logback-core-1.5.18.jar;C:\Users\nicos\.m2\repository\org\apache\logging\log4j\log4j-to-slf4j\2.24.3\log4j-to-slf4j-2.24.3.jar;C:\Users\nicos\.m2\repository\org\apache\logging\log4j\log4j-api\2.24.3\log4j-api-2.24.3.jar;C:\Users\nicos\.m2\repository\org\slf4j\jul-to-slf4j\2.0.17\jul-to-slf4j-2.0.17.jar;C:\Users\nicos\.m2\repository\jakarta\annotation\jakarta.annotation-api\2.1.1\jakarta.annotation-api-2.1.1.jar;C:\Users\nicos\.m2\repository\org\springframework\spring-core\6.2.11\spring-core-6.2.11.jar;C:\Users\nicos\.m2\repository\org\springframework\spring-jcl\6.2.11\spring-jcl-6.2.11.jar;C:\Users\nicos\.m2\repository\org\yaml\snakeyaml\2.4\snakeyaml-2.4.jar;C:\Users\nicos\.m2\repository\com\zaxxer\HikariCP\6.3.3\HikariCP-6.3.3.jar;C:\Users\nicos\.m2\repository\org\slf4j\slf4j-api\2.0.17\slf4j-api-2.0.17.jar;C:\Users\nicos\.m2\repository\org\springframework\spring-jdbc\6.2.11\spring-jdbc-6.2.11.jar;C:\Users\nicos\.m2\repository\org\springframework\spring-beans\6.2.11\spring-beans-6.2.11.jar;C:\Users\nicos\.m2\repository\org\springframework\spring-tx\6.2.11\spring-tx-6.2.11.jar;C:\Users\nicos\.m2\repository\org\springframework\boot\spring-boot-starter-data-jpa\3.5.6\spring-boot-starter-data-jpa-3.5.6.jar;C:\Users\nicos\.m2\repository\org\hibernate\orm\hibernate-core\6.6.29.Final\hibernate-core-6.6.29.Final.jar;C:\Users\nicos\.m2\repository\jakarta\persistence\jakarta.persistence-api\3.1.0\jakarta.persistence-api-3.1.0.jar;C:\Users\nicos\.m2\repository\jakarta\transaction\jakarta.transaction-api\2.0.1\jakarta.transaction-api-2.0.1.jar;C:\Users\nicos\.m2\repository\org\jboss\logging\jboss-logging\3.6.1.Final\jboss-logging-3.6.1.Final.jar;C:\Users\nicos\.m2\repository\org\hibernate\common\hibernate-commons-annotations\7.0.3.Final\hibernate-commons-annotations-7.0.3.Final.jar;C:\Users\nicos\.m2\repository\io\smallrye\jandex\3.2.0\jandex-3.2.0.jar;C:\Users\nicos\.m2\repository\com\fasterxml\classmate\1.7.0\classmate-1.7.0.jar;C:\Users\nicos\.m2\repository\net\bytebuddy\byte-buddy\1.17.7\byte-buddy-1.17.7.jar;C:\Users\nicos\.m2\repository\jakarta\xml\bind\jakarta.xml.bind-api\4.0.2\jakarta.xml.bind-api-4.0.2.jar;C:\Users\nicos\.m2\repository\jakarta\activation\jakarta.activation-api\2.1.4\jakarta.activation-api-2.1.4.jar;C:\Users\nicos\.m2\repository\org\glassfish\jaxb\jaxb-runtime\4.0.5\jaxb-runtime-4.0.5.jar;C:\Users\nicos\.m2\repository\org\glassfish\jaxb\jaxb-core\4.0.5\jaxb-core-4.0.5.jar;C:\Users\nicos\.m2\repository\org\eclipse\angus\angus-activation\2.0.2\angus-activation-2.0.2.jar;C:\Users\nicos\.m2\repository\org\glassfish\jaxb\txw2\4.0.5\txw2-4.0.5.jar;C:\Users\nicos\.m2\repository\com\sun\istack\istack-commons-runtime\4.1.2\istack-commons-runtime-4.1.2.jar;C:\Users\nicos\.m2\repository\jakarta\inject\jakarta.inject-api\2.0.1\jakarta.inject-api-2.0.1.jar;C:\Users\nicos\.m2\repository\org\antlr\antlr4-runtime\4.13.0\antlr4-runtime-4.13.0.jar;C:\Users\nicos\.m2\repository\org\springframework\data\spring-data-jpa\3.5.4\spring-data-jpa-3.5.4.jar;C:\Users\nicos\.m2\repository\org\springframework\data\spring-data-commons\3.5.4\spring-data-commons-3.5.4.jar;C:\Users\nicos\.m2\repository\org\springframework\spring-orm\6.2.11\spring-orm-6.2.11.jar;C:\Users\nicos\.m2\repository\org\springframework\spring-context\6.2.11\spring-context-6.2.11.jar;C:\Users\nicos\.m2\repository\org\springframework\spring-expression\6.2.11\spring-expression-6.2.11.jar;C:\Users\nicos\.m2\repository\org\springframework\spring-aop\6.2.11\spring-aop-6.2.11.jar;C:\Users\nicos\.m2\repository\org\springframework\spring-aspects\6.2.11\spring-aspects-6.2.11.jar;C:\Users\nicos\.m2\repository\org\aspectj\aspectjweaver\1.9.24\aspectjweaver-1.9.24.jar;C:\Users\nicos\.m2\repository\com\h2database\h2\2.3.232\h2-2.3.232.jar;C:\Users\nicos\.m2\repository\org\springframework\boot\spring-boot-starter-json\3.5.6\spring-boot-starter-json-3.5.6.jar;C:\Users\nicos\.m2\repository\org\springframework\spring-web\6.2.11\spring-web-6.2.11.jar;C:\Users\nicos\.m2\repository\io\micrometer\micrometer-observation\1.15.4\micrometer-observation-1.15.4.jar;C:\Users\nicos\.m2\repository\io\micrometer\micrometer-commons\1.15.4\micrometer-commons-1.15.4.jar;C:\Users\nicos\.m2\repository\com\fasterxml\jackson\core\jackson-databind\2.19.2\jackson-databind-2.19.2.jar;C:\Users\nicos\.m2\repository\com\fasterxml\jackson\core\jackson-annotations\2.19.2\jackson-annotations-2.19.2.jar;C:\Users\nicos\.m2\repository\com\fasterxml\jackson\core\jackson-core\2.19.2\jackson-core-2.19.2.jar;C:\Users\nicos\.m2\repository\com\fasterxml\jackson\datatype\jackson-datatype-jdk8\2.19.2\jackson-datatype-jdk8-2.19.2.jar;C:\Users\nicos\.m2\repository\com\fasterxml\jackson\datatype\jackson-datatype-jsr310\2.19.2\jackson-datatype-jsr310-2.19.2.jar;C:\Users\nicos\.m2\repository\com\fasterxml\jackson\module\jackson-module-parameter-names\2.19.2\jackson-module-parameter-names-2.19.2.jar;C:\Users\nicos\.m2\repository\org\springframework\boot\spring-boot-devtools\3.5.6\spring-boot-devtools-3.5.6.jar;C:\Users\nicos\.m2\repository\org\springframework\boot\spring-boot\3.5.6\spring-boot-3.5.6.jar;C:\Users\nicos\.m2\repository\org\springframework\boot\spring-boot-autoconfigure\3.5.6\spring-boot-autoconfigure-3.5.6.jar;C:\Users\nicos\.m2\repository\org\projectlombok\lombok\1.18.42\lombok-1.18.42.jar
Launcher Type: SUN_STANDARD

[Global flags]
     intx CICompilerCount                          = 4                                         {product} {ergonomic}
     uint ConcGCThreads                            = 3                                         {product} {ergonomic}
     bool FlightRecorder                           = true                                      {product} {management}
     uint G1ConcRefinementThreads                  = 10                                        {product} {ergonomic}
   size_t G1HeapRegionSize                         = 4194304                                   {product} {ergonomic}
   size_t InitialHeapSize                          = 536870912                                 {product} {ergonomic}
     bool ManagementServer                         = true                                      {product} {command line}
   size_t MarkStackSize                            = 4194304                                   {product} {ergonomic}
   size_t MarkStackSizeMax                         = 536870912                                 {product} {ergonomic}
   size_t MaxHeapSize                              = 8577351680                                {product} {ergonomic}
   size_t MaxNewSize                               = 5146411008                                {product} {ergonomic}
   size_t MinHeapDeltaBytes                        = 4194304                                   {product} {ergonomic}
   size_t MinHeapSize                              = 8388608                                   {product} {ergonomic}
    uintx NonNMethodCodeHeapSize                   = 4096                                   {pd product} {ergonomic}
    uintx NonProfiledCodeHeapSize                  = 0                                      {pd product} {ergonomic}
     bool ProfileInterpreter                       = false                                  {pd product} {command line}
    uintx ProfiledCodeHeapSize                     = 0                                      {pd product} {ergonomic}
   size_t SoftMaxHeapSize                          = 8577351680                             {manageable} {ergonomic}
     intx TieredStopAtLevel                        = 1                                         {product} {command line}
     bool UseCompressedOops                        = true                           {product lp64_product} {ergonomic}
     bool UseG1GC                                  = true                                      {product} {ergonomic}
     bool UseLargePagesIndividualAllocation        = false                                  {pd product} {ergonomic}

Logging:
Log output configuration:
 #0: stdout all=warning uptime,level,tags foldmultilines=false
 #1: stderr all=off uptime,level,tags foldmultilines=false

Environment Variables:
PATH=C:\Users\nicos\AppData\Local\Programs\Python\Python313\Scripts\;C:\Users\nicos\AppData\Local\Programs\Python\Python313\;A:\Programme\Unity\server;A:\Programme\Unity\client;C:\Program Files\Common Files\Oracle\Java\javapath;C:\Program Files\Eclipse Adoptium\jre-21.0.2.13-hotspot\bin;C:\Program Files (x86)\Common Files\Oracle\Java\javapath;C:\Program Files (x86)\VMware\VMware Player\bin\;C:\Program Files\AdoptOpenJDK\jdk-13.0.2.8-hotspot\bin;C:\Windows\system32;C:\Windows;C:\Windows\System32\Wbem;C:\Windows\System32\WindowsPowerShell\v1.0\;C:\Windows\System32\OpenSSH\;C:\Program Files\dotnet\;C:\Program Files\remoteit\resources\x64;C:\WINDOWS\system32;C:\WINDOWS;C:\WINDOWS\System32\Wbem;C:\WINDOWS\System32\WindowsPowerShell\v1.0\;C:\WINDOWS\System32\OpenSSH\;C:\Program Files\PuTTY\;C:\Program Files\Graphviz\bin;C:\Program Files\NVIDIA Corporation\NVIDIA app\NvDLISR;C:\Program Files (x86)\NVIDIA Corporation\PhysX\Common;C:\Program Files\Microsoft SQL Server\150\Tools\Binn\;C:\Program Files\Microsoft SQL Server\Client SDK\ODBC\170\Tools\Binn\;C:\Program Files\CMake\bin;C:\Program Files (x86)\Windows Kits\10\Windows Performance Toolkit\;C:\Program Files\SoundSwitch;C:\Program Files\Git\cmd;C:\Program Files\nodejs\;C:\ProgramData\chocolatey\bin;C:\Users\nicos\miniconda3;C:\Users\nicos\miniconda3\Library\mingw-w64\bin;C:\Users\nicos\miniconda3\Library\usr\bin;C:\Users\nicos\miniconda3\Library\bin;C:\Users\nicos\miniconda3\Scripts;C:\Users\nicos\AppData\Local\Programs\Python\Python313\Scripts\;C:\Users\nicos\AppData\Local\Programs\Python\Python313\;C:\Users\nicos\AppData\Local\Programs\Python\Python310\Scripts\;C:\Users\nicos\AppData\Local\Programs\Python\Python310\;C:\Users\nicos\AppData\Local\Programs\Python\Launcher\;C:\Users\nicos\AppData\Local\Microsoft\WindowsApps;C:\Users\nicos\AppData\Local\atom\bin;D:\VRPirates\Sidenoder\sideloader_deps\platform-tools;A:\Microsoft VS Code\bin;C:\ffmpeg;C:\Users\nicos\AppData\Local\GitHubDesktop\bin;C:\Program Files\JetBrains\IntelliJ IDEA 2024.2\bin;;C:\Users\nicos\.dotnet\tools;A:\Programming\Webstorm\WebStorm 2025.2\bin;C:\Users\nicos\AppData\Roaming\npm
USERNAME=nicos
OS=Windows_NT
PROCESSOR_IDENTIFIER=AMD64 Family 23 Model 113 Stepping 0, AuthenticAMD
TMP=C:\Users\nicos\AppData\Local\Temp
TEMP=C:\Users\nicos\AppData\Local\Temp




Periodic native trim disabled

---------------  S Y S T E M  ---------------

OS:
 Windows 10 , 64 bit Build 19041 (10.0.19041.5915)
OS uptime: 0 days 11:36 hours

CPU: total 12 (initial active 12) (12 cores per cpu, 2 threads per core) family 23 model 113 stepping 0 microcode 0x0, cx8, cmov, fxsr, ht, mmx, 3dnowpref, sse, sse2, sse3, ssse3, sse4a, sse4.1, sse4.2, popcnt, lzcnt, tsc, tscinvbit, avx, avx2, aes, clmul, bmi1, bmi2, adx, sha, fma, vzeroupper, clflush, clflushopt, rdtscp, rdpid, f16c
Processor Information for the first 12 processors :
  Max Mhz: 3600, Current Mhz: 3600, Mhz Limit: 3600

Memory: 4k page, system-wide physical 32717M (6200M free)
TotalPageFile size 42957M (AvailPageFile size 6019M)
current process WorkingSet (physical memory assigned to process): 1075M, peak: 1075M
current process commit charge ("private bytes"): 1156M, peak: 1156M

vm_info: OpenJDK 64-Bit Server VM (24.0.1+9-30) for windows-amd64 JRE (24.0.1+9-30), built on 2025-03-05T07:23:45Z with MS VC++ 17.6 (VS2022)

END.
